Using pre-set license
Built from '2021.3/staging' branch; Version is '2021.3.1f1 (3b70a0754835) revision 3895456'; Using compiler version '192829333'; Build Type 'Release'
OS: 'Windows 10  (10.0.19043) 64bit Professional' Language: 'ru' Physical Memory: 10085 MB
BatchMode: 1, IsHumanControllingUs: 0, StartBugReporterOnCrash: 0, Is64bit: 1, IsPro: 1

COMMAND LINE ARGUMENTS:
X:\cum\2021.3.1f1\Editor\Unity.exe
-adb2
-batchMode
-noUpm
-name
AssetImportWorker0
-projectPath
X:/gitnew/TowerDefenceNew
-logFile
Logs/AssetImportWorker0.log
-srvPort
56809
Successfully changed project path to: X:/gitnew/TowerDefenceNew
X:/gitnew/TowerDefenceNew
[UnityMemory] Configuration Parameters - Can be set up in boot.config
    "memorysetup-bucket-allocator-granularity=16"
    "memorysetup-bucket-allocator-bucket-count=8"
    "memorysetup-bucket-allocator-block-size=33554432"
    "memorysetup-bucket-allocator-block-count=8"
    "memorysetup-main-allocator-block-size=16777216"
    "memorysetup-thread-allocator-block-size=16777216"
    "memorysetup-gfx-main-allocator-block-size=16777216"
    "memorysetup-gfx-thread-allocator-block-size=16777216"
    "memorysetup-cache-allocator-block-size=4194304"
    "memorysetup-typetree-allocator-block-size=2097152"
    "memorysetup-profiler-bucket-allocator-granularity=16"
    "memorysetup-profiler-bucket-allocator-bucket-count=8"
    "memorysetup-profiler-bucket-allocator-block-size=33554432"
    "memorysetup-profiler-bucket-allocator-block-count=8"
    "memorysetup-profiler-allocator-block-size=16777216"
    "memorysetup-profiler-editor-allocator-block-size=1048576"
    "memorysetup-temp-allocator-size-main=16777216"
    "memorysetup-job-temp-allocator-block-size=2097152"
    "memorysetup-job-temp-allocator-block-size-background=1048576"
    "memorysetup-job-temp-allocator-reduction-small-platforms=262144"
    "memorysetup-temp-allocator-size-background-worker=32768"
    "memorysetup-temp-allocator-size-job-worker=262144"
    "memorysetup-temp-allocator-size-preload-manager=33554432"
    "memorysetup-temp-allocator-size-nav-mesh-worker=65536"
    "memorysetup-temp-allocator-size-audio-worker=65536"
    "memorysetup-temp-allocator-size-cloud-worker=32768"
    "memorysetup-temp-allocator-size-gi-baking-worker=262144"
    "memorysetup-temp-allocator-size-gfx=262144"
Refreshing native plugins compatible for Editor in 109.17 ms, found 3 plugins.
Preloading 0 native plugins for Editor in 0.00 ms.
Initialize engine version: 2021.3.1f1 (3b70a0754835)
[Subsystems] Discovering subsystems at path X:/cum/2021.3.1f1/Editor/Data/Resources/UnitySubsystems
[Subsystems] Discovering subsystems at path X:/gitnew/TowerDefenceNew/Assets
GfxDevice: creating device client; threaded=0; jobified=0
Direct3D:
    Version:  Direct3D 11.0 [level 11.1]
    Renderer: Radeon RX 570 Series (ID=0x67df)
    Vendor:   ATI
    VRAM:     4074 MB
    Driver:   30.0.15021.1001
Initialize mono
Mono path[0] = 'X:/cum/2021.3.1f1/Editor/Data/Managed'
Mono path[1] = 'X:/cum/2021.3.1f1/Editor/Data/MonoBleedingEdge/lib/mono/unityjit-win32'
Mono config path = 'X:/cum/2021.3.1f1/Editor/Data/MonoBleedingEdge/etc'
Using monoOptions --debugger-agent=transport=dt_socket,embedding=1,server=y,suspend=n,address=127.0.0.1:56140
Begin MonoManager ReloadAssembly
Registering precompiled unity dll's ...
Register platform support module: X:/cum/2021.3.1f1/Editor/Data/PlaybackEngines/WindowsStandaloneSupport/UnityEditor.WindowsStandalone.Extensions.dll
Registered in 0.006714 seconds.
Native extension for WindowsStandalone target not found
Refreshing native plugins compatible for Editor in 114.29 ms, found 3 plugins.
Preloading 0 native plugins for Editor in 0.00 ms.
Mono: successfully reloaded assembly
- Completed reload, in  0.954 seconds
Domain Reload Profiling:
	ReloadAssembly (955ms)
		BeginReloadAssembly (125ms)
			ExecutionOrderSort (0ms)
			DisableScriptedObjects (0ms)
			BackupInstance (0ms)
			ReleaseScriptingObjects (0ms)
			CreateAndSetChildDomain (1ms)
		EndReloadAssembly (667ms)
			LoadAssemblies (124ms)
			RebuildTransferFunctionScriptingTraits (0ms)
			SetupTypeCache (153ms)
			ReleaseScriptCaches (0ms)
			RebuildScriptCaches (43ms)
			SetupLoadedEditorAssemblies (395ms)
				LogAssemblyErrors (0ms)
				InitializePlatformSupportModulesInManaged (12ms)
				SetLoadedEditorAssemblies (0ms)
				RefreshPlugins (114ms)
				BeforeProcessingInitializeOnLoad (2ms)
				ProcessInitializeOnLoadAttributes (197ms)
				ProcessInitializeOnLoadMethodAttributes (69ms)
				AfterProcessingInitializeOnLoad (0ms)
				EditorAssembliesLoaded (0ms)
			ExecutionOrderSort2 (0ms)
			AwakeInstancesAfterBackupRestoration (0ms)
Platform modules already initialized, skipping
Registering precompiled user dll's ...
Registered in 0.007427 seconds.
Begin MonoManager ReloadAssembly
Symbol file LoadedFromMemory doesn't match image X:\gitnew\TowerDefenceNew\Library\PackageCache\com.unity.visualscripting@1.7.6\Editor\VisualScripting.Core\Dependencies\YamlDotNet\Unity.VisualScripting.YamlDotNet.dll
Symbol file LoadedFromMemory is not a mono symbol file
Symbol file LoadedFromMemory doesn't match image X:\gitnew\TowerDefenceNew\Library\PackageCache\com.unity.visualscripting@1.7.6\Editor\VisualScripting.Core\Dependencies\DotNetZip\Unity.VisualScripting.IonicZip.dll
Native extension for WindowsStandalone target not found
Refreshing native plugins compatible for Editor in 0.86 ms, found 3 plugins.
Preloading 0 native plugins for Editor in 0.00 ms.
Mono: successfully reloaded assembly
- Completed reload, in  1.548 seconds
Domain Reload Profiling:
	ReloadAssembly (1549ms)
		BeginReloadAssembly (174ms)
			ExecutionOrderSort (0ms)
			DisableScriptedObjects (10ms)
			BackupInstance (0ms)
			ReleaseScriptingObjects (0ms)
			CreateAndSetChildDomain (27ms)
		EndReloadAssembly (1228ms)
			LoadAssemblies (144ms)
			RebuildTransferFunctionScriptingTraits (0ms)
			SetupTypeCache (387ms)
			ReleaseScriptCaches (1ms)
			RebuildScriptCaches (86ms)
			SetupLoadedEditorAssemblies (557ms)
				LogAssemblyErrors (0ms)
				InitializePlatformSupportModulesInManaged (9ms)
				SetLoadedEditorAssemblies (1ms)
				RefreshPlugins (1ms)
				BeforeProcessingInitializeOnLoad (117ms)
				ProcessInitializeOnLoadAttributes (385ms)
				ProcessInitializeOnLoadMethodAttributes (38ms)
				AfterProcessingInitializeOnLoad (6ms)
				EditorAssembliesLoaded (0ms)
			ExecutionOrderSort2 (0ms)
			AwakeInstancesAfterBackupRestoration (8ms)
Platform modules already initialized, skipping
========================================================================
Worker process is ready to serve import requests
Launched and connected shader compiler UnityShaderCompiler.exe after 0.07 seconds
Refreshing native plugins compatible for Editor in 1.09 ms, found 3 plugins.
Preloading 0 native plugins for Editor in 0.00 ms.
Unloading 3231 Unused Serialized files (Serialized files now loaded: 0)
Unloading 23 unused Assets / (112.1 KB). Loaded Objects now: 3691.
Memory consumption went from 112.3 MB to 112.2 MB.
Total: 4.103400 ms (FindLiveObjects: 0.336600 ms CreateObjectMapping: 0.280200 ms MarkObjects: 3.369200 ms  DeleteObjects: 0.116200 ms)

AssetImportParameters requested are different than current active one (requested -> active):
  custom:video-decoder-ogg-theora: a1e56fd34408186e4bbccfd4996cb3dc -> 
  custom:container-muxer-webm: aa71ff27fc2769a1b78a27578f13a17b -> 
  custom:container-demuxer-webm: 4f35f7cbe854078d1ac9338744f61a02 -> 
  custom:video-encoder-webm-vp8: eb34c28f22e8b96e1ab97ce403110664 -> 
  custom:audio-encoder-webm-vorbis: bf7c407c2cedff20999df2af8eb42d56 -> 
  custom:framework-win-MediaFoundation: 216162199b28c13a410421893ffa2e32 -> 
  custom:container-demuxer-ogg: 62fdf1f143b41e24485cea50d1cbac27 -> 
  custom:video-decoder-webm-vp8: 9c59270c3fd7afecdb556c50c9e8de78 -> 
  custom:audio-decoder-ogg-vorbis: bf7c407c2cedff20999df2af8eb42d56 -> 
========================================================================
Received Import Request.
  Time since last request: 145889.156678 seconds.
  path: Assets/Scripts/BulletScript.cs
  artifactKey: Guid(d3ee7f7a875f6cb439790cf8681cb82f) Importer(815301076,1909f56bfc062723c751e8b465ee728b)
Start importing Assets/Scripts/BulletScript.cs using Guid(d3ee7f7a875f6cb439790cf8681cb82f) Importer(815301076,1909f56bfc062723c751e8b465ee728b)  -> (artifact id: '0deaf97561fc09d4873c9dae9950f28e') in 0.048802 seconds 
========================================================================
Received Import Request.
  Time since last request: 1330.955090 seconds.
  path: Assets/c7b176d0c4da41e5996cabbe7d7826bd.blend
  artifactKey: Guid(9af2ab754c0be4a48b4aabc00ad65885) Importer(815301076,1909f56bfc062723c751e8b465ee728b)
Start importing Assets/c7b176d0c4da41e5996cabbe7d7826bd.blend using Guid(9af2ab754c0be4a48b4aabc00ad65885) Importer(815301076,1909f56bfc062723c751e8b465ee728b)  -> (artifact id: '61daa57cf3ea01e05983628bf662c9c7') in 0.581428 seconds 
========================================================================
Received Import Request.
  Time since last request: 364.862449 seconds.
  path: Assets/scene.gltf
  artifactKey: Guid(dce9c7ae52e9b38458601968a81c8a1e) Importer(815301076,1909f56bfc062723c751e8b465ee728b)
Start importing Assets/scene.gltf using Guid(dce9c7ae52e9b38458601968a81c8a1e) Importer(815301076,1909f56bfc062723c751e8b465ee728b)  -> (artifact id: '2c8f269297866efa18e752ee160cd136') in 0.242362 seconds 
========================================================================
Received Import Request.
  Time since last request: 122.707096 seconds.
  path: Assets/Собака с жевательной резинкой.glb
  artifactKey: Guid(c56518b8e97d77c458161bd4d4a5d6cb) Importer(815301076,1909f56bfc062723c751e8b465ee728b)
Start importing Assets/Собака с жевательной резинкой.glb using Guid(c56518b8e97d77c458161bd4d4a5d6cb) Importer(815301076,1909f56bfc062723c751e8b465ee728b)  -> (artifact id: 'c1edc01ea093a6aa80fab57cffc64a00') in 0.061615 seconds 
========================================================================
Received Import Request.
  Time since last request: 161.494086 seconds.
  path: Assets
  artifactKey: Guid(00000000000000001000000000000000) Importer(815301076,1909f56bfc062723c751e8b465ee728b)
Start importing Assets using Guid(00000000000000001000000000000000) Importer(815301076,1909f56bfc062723c751e8b465ee728b)  -> (artifact id: '79842766b460edbeab6a34051e857a80') in 0.033154 seconds 
========================================================================
Received Import Request.
  Time since last request: 16.166830 seconds.
  path: Assets/c7b176d0c4da41e5996cabbe7d7826bd.obj
  artifactKey: Guid(5a9c504ac79eb3643a7d221c61ca3bdb) Importer(815301076,1909f56bfc062723c751e8b465ee728b)
Start importing Assets/c7b176d0c4da41e5996cabbe7d7826bd.obj using Guid(5a9c504ac79eb3643a7d221c61ca3bdb) Importer(815301076,1909f56bfc062723c751e8b465ee728b)  -> (artifact id: '0159330f2725556d6e577d548702aaa5') in 9.784275 seconds 
========================================================================
Received Import Request.
  Time since last request: 79.565967 seconds.
  path: Assets/Prefabs/Enemy.mat
  artifactKey: Guid(ce621fb6922055744b5d65b9b41fb3ec) Importer(815301076,1909f56bfc062723c751e8b465ee728b)
Start importing Assets/Prefabs/Enemy.mat using Guid(ce621fb6922055744b5d65b9b41fb3ec) Importer(815301076,1909f56bfc062723c751e8b465ee728b)  -> (artifact id: '3041a187a3461159088c9a3ff88f3ede') in 0.074649 seconds 
========================================================================
Received Import Request.
  Time since last request: 0.000026 seconds.
  path: Assets/Prefabs/Tower.mat
  artifactKey: Guid(9c829b33e74c5cc48b69432e3a7f6046) Importer(815301076,1909f56bfc062723c751e8b465ee728b)
Start importing Assets/Prefabs/Tower.mat using Guid(9c829b33e74c5cc48b69432e3a7f6046) Importer(815301076,1909f56bfc062723c751e8b465ee728b)  -> (artifact id: '0ea2fd443e7e590982b059a7b9f8081f') in 0.089296 seconds 
========================================================================
Received Import Request.
  Time since last request: 18.469934 seconds.
  path: Assets/c7b176d0c4da41e5996cabbe7d7826bd.obj
  artifactKey: Guid(5a9c504ac79eb3643a7d221c61ca3bdb) Importer(815301076,1909f56bfc062723c751e8b465ee728b)
Start importing Assets/c7b176d0c4da41e5996cabbe7d7826bd.obj using Guid(5a9c504ac79eb3643a7d221c61ca3bdb) Importer(815301076,1909f56bfc062723c751e8b465ee728b)  -> (artifact id: '60d9150fd5ac54625325ae392d3ae75a') in 0.194270 seconds 
========================================================================
Received Import Request.
  Time since last request: 99.085324 seconds.
  path: Assets/c7b176d0c4da41e5996cabbe7d7826bd.obj
  artifactKey: Guid(5a9c504ac79eb3643a7d221c61ca3bdb) Importer(815301076,1909f56bfc062723c751e8b465ee728b)
Start importing Assets/c7b176d0c4da41e5996cabbe7d7826bd.obj using Guid(5a9c504ac79eb3643a7d221c61ca3bdb) Importer(815301076,1909f56bfc062723c751e8b465ee728b)  -> (artifact id: '0f54f8903bcf9b00373ce0613434d5c5') in 0.114746 seconds 
========================================================================
Received Import Request.
  Time since last request: 123.729551 seconds.
  path: Assets/hagehog.mat
  artifactKey: Guid(ac9968e783954c1448e79172733d330e) Importer(815301076,1909f56bfc062723c751e8b465ee728b)
Start importing Assets/hagehog.mat using Guid(ac9968e783954c1448e79172733d330e) Importer(815301076,1909f56bfc062723c751e8b465ee728b)  -> (artifact id: '3173326ec6f7c65db2c8d25b701dba87') in 0.059998 seconds 
========================================================================
Received Import Request.
  Time since last request: 103.841299 seconds.
  path: Assets/Prefabs/Bullet.prefab
  artifactKey: Guid(5886c9a82faea7840b3a97bebab19b95) Importer(815301076,1909f56bfc062723c751e8b465ee728b)
Start importing Assets/Prefabs/Bullet.prefab using Guid(5886c9a82faea7840b3a97bebab19b95) Importer(815301076,1909f56bfc062723c751e8b465ee728b)  -> (artifact id: 'f38b4bf893d61e5daac9b5d3e3314497') in 0.456925 seconds 
========================================================================
Received Import Request.
  Time since last request: 0.000035 seconds.
  path: Assets/Prefabs/ice.physicMaterial
  artifactKey: Guid(400d45ac7a168b743b63dae48e4069c2) Importer(815301076,1909f56bfc062723c751e8b465ee728b)
Start importing Assets/Prefabs/ice.physicMaterial using Guid(400d45ac7a168b743b63dae48e4069c2) Importer(815301076,1909f56bfc062723c751e8b465ee728b)  -> (artifact id: 'cb083c34a98fb68d2da203fb5dc2317e') in 0.028269 seconds 
========================================================================
Received Import Request.
  Time since last request: 0.000028 seconds.
  path: Assets/Prefabs/Tower.prefab
  artifactKey: Guid(e9a3a7d297aab094f99976529c8946ca) Importer(815301076,1909f56bfc062723c751e8b465ee728b)
Start importing Assets/Prefabs/Tower.prefab using Guid(e9a3a7d297aab094f99976529c8946ca) Importer(815301076,1909f56bfc062723c751e8b465ee728b)  -> (artifact id: '1129a8028a13ae465e4fa5ad430bd92e') in 0.187418 seconds 
========================================================================
Received Import Request.
  Time since last request: 0.000023 seconds.
  path: Assets/Prefabs/Pointer.prefab
  artifactKey: Guid(dd92391f18899244c8e1da041ce7f008) Importer(815301076,1909f56bfc062723c751e8b465ee728b)
Start importing Assets/Prefabs/Pointer.prefab using Guid(dd92391f18899244c8e1da041ce7f008) Importer(815301076,1909f56bfc062723c751e8b465ee728b)  -> (artifact id: 'a9b53aa5b91c44be74aaddf1afa15937') in 0.057535 seconds 
========================================================================
Received Import Request.
  Time since last request: 18.308378 seconds.
  path: Assets/c7b176d0c4da41e5996cabbe7d7826bd.obj
  artifactKey: Guid(5a9c504ac79eb3643a7d221c61ca3bdb) Importer(815301076,1909f56bfc062723c751e8b465ee728b)
Start importing Assets/c7b176d0c4da41e5996cabbe7d7826bd.obj using Guid(5a9c504ac79eb3643a7d221c61ca3bdb) Importer(815301076,1909f56bfc062723c751e8b465ee728b)  -> (artifact id: 'd8df8fb19b3fba557570de1e02a60a5a') in 0.050563 seconds 
========================================================================
Received Import Request.
  Time since last request: 96473.170716 seconds.
  path: Assets/Prefabs
  artifactKey: Guid(08b9150c9c58e84408d722c3c35ca996) Importer(815301076,1909f56bfc062723c751e8b465ee728b)
Start importing Assets/Prefabs using Guid(08b9150c9c58e84408d722c3c35ca996) Importer(815301076,1909f56bfc062723c751e8b465ee728b)  -> (artifact id: '2f47110bb592df878edb665938fbd2c1') in 0.081760 seconds 
========================================================================
Received Import Request.
  Time since last request: 14.433114 seconds.
  path: Assets/Prefabs/c7b176d0c4da41e5996cabbe7d7826bd.prefab
  artifactKey: Guid(bd08eab9efda25f4e8c4abf7a225258e) Importer(815301076,1909f56bfc062723c751e8b465ee728b)
Start importing Assets/Prefabs/c7b176d0c4da41e5996cabbe7d7826bd.prefab using Guid(bd08eab9efda25f4e8c4abf7a225258e) Importer(815301076,1909f56bfc062723c751e8b465ee728b)  -> (artifact id: '8c87918c62f2c62d3b869cca49c3d556') in 0.549346 seconds 
========================================================================
Received Import Request.
  Time since last request: 18.816789 seconds.
  path: Assets/Prefabs/c7b176d0c4da41e5996cabbe7d7826bd.prefab
  artifactKey: Guid(bd08eab9efda25f4e8c4abf7a225258e) Importer(815301076,1909f56bfc062723c751e8b465ee728b)
Start importing Assets/Prefabs/c7b176d0c4da41e5996cabbe7d7826bd.prefab using Guid(bd08eab9efda25f4e8c4abf7a225258e) Importer(815301076,1909f56bfc062723c751e8b465ee728b)  -> (artifact id: 'bc3436ab185ba0f54374f8e4c75aaaaa') in 0.069187 seconds 
========================================================================
Received Import Request.
  Time since last request: 147.789291 seconds.
  path: Assets/Prefabs/Bullet.prefab
  artifactKey: Guid(5886c9a82faea7840b3a97bebab19b95) Importer(815301076,1909f56bfc062723c751e8b465ee728b)
Start importing Assets/Prefabs/Bullet.prefab using Guid(5886c9a82faea7840b3a97bebab19b95) Importer(815301076,1909f56bfc062723c751e8b465ee728b)  -> (artifact id: 'c37ac117a1edbd010a52e7ecd9b20ee3') in 0.081069 seconds 
========================================================================
Received Import Request.
  Time since last request: 0.000027 seconds.
  path: Assets/Prefabs/Tower.prefab
  artifactKey: Guid(e9a3a7d297aab094f99976529c8946ca) Importer(815301076,1909f56bfc062723c751e8b465ee728b)
Start importing Assets/Prefabs/Tower.prefab using Guid(e9a3a7d297aab094f99976529c8946ca) Importer(815301076,1909f56bfc062723c751e8b465ee728b)  -> (artifact id: '361db055784e338c7aeb6da4b71e9c7b') in 0.055254 seconds 
========================================================================
Received Import Request.
  Time since last request: 17.861182 seconds.
  path: Assets/Prefabs/Enemy.prefab
  artifactKey: Guid(bd08eab9efda25f4e8c4abf7a225258e) Importer(815301076,1909f56bfc062723c751e8b465ee728b)
Start importing Assets/Prefabs/Enemy.prefab using Guid(bd08eab9efda25f4e8c4abf7a225258e) Importer(815301076,1909f56bfc062723c751e8b465ee728b)  -> (artifact id: '6a9519eca43e0308e3634d127fa02d76') in 0.039569 seconds 
========================================================================
Received Import Request.
  Time since last request: 142.618539 seconds.
  path: ProjectSettings/TagManager.asset
  artifactKey: Guid(00000000000000003000000000000000) Importer(815301076,1909f56bfc062723c751e8b465ee728b)
Start importing ProjectSettings/TagManager.asset using Guid(00000000000000003000000000000000) Importer(815301076,1909f56bfc062723c751e8b465ee728b)  -> (artifact id: '5f74b9f0782f3ffe8a654b2b60a9f33c') in 0.094026 seconds 
========================================================================
Received Prepare
Registering precompiled user dll's ...
Registered in 0.024025 seconds.
Begin MonoManager ReloadAssembly
Symbol file LoadedFromMemory doesn't match image X:\gitnew\TowerDefenceNew\Library\PackageCache\com.unity.visualscripting@1.7.6\Editor\VisualScripting.Core\Dependencies\YamlDotNet\Unity.VisualScripting.YamlDotNet.dll
Symbol file LoadedFromMemory is not a mono symbol file
Symbol file LoadedFromMemory doesn't match image X:\gitnew\TowerDefenceNew\Library\PackageCache\com.unity.visualscripting@1.7.6\Editor\VisualScripting.Core\Dependencies\DotNetZip\Unity.VisualScripting.IonicZip.dll
Native extension for WindowsStandalone target not found
Refreshing native plugins compatible for Editor in 0.96 ms, found 3 plugins.
Preloading 0 native plugins for Editor in 0.00 ms.
Mono: successfully reloaded assembly
- Completed reload, in 16.251 seconds
Domain Reload Profiling:
	ReloadAssembly (16292ms)
		BeginReloadAssembly (11791ms)
			ExecutionOrderSort (82ms)
			DisableScriptedObjects (1532ms)
			BackupInstance (0ms)
			ReleaseScriptingObjects (4ms)
			CreateAndSetChildDomain (5543ms)
		EndReloadAssembly (4064ms)
			LoadAssemblies (1605ms)
			RebuildTransferFunctionScriptingTraits (27ms)
			SetupTypeCache (1739ms)
			ReleaseScriptCaches (2ms)
			RebuildScriptCaches (269ms)
			SetupLoadedEditorAssemblies (941ms)
				LogAssemblyErrors (0ms)
				InitializePlatformSupportModulesInManaged (73ms)
				SetLoadedEditorAssemblies (14ms)
				RefreshPlugins (1ms)
				BeforeProcessingInitializeOnLoad (262ms)
				ProcessInitializeOnLoadAttributes (524ms)
				ProcessInitializeOnLoadMethodAttributes (57ms)
				AfterProcessingInitializeOnLoad (9ms)
				EditorAssembliesLoaded (0ms)
			ExecutionOrderSort2 (0ms)
			AwakeInstancesAfterBackupRestoration (24ms)
Platform modules already initialized, skipping
Refreshing native plugins compatible for Editor in 2.47 ms, found 3 plugins.
Preloading 0 native plugins for Editor in 0.00 ms.
Unloading 3226 Unused Serialized files (Serialized files now loaded: 0)
Unloading 17 unused Assets / (78.9 KB). Loaded Objects now: 3739.
Memory consumption went from 117.1 MB to 117.0 MB.
Total: 205.984500 ms (FindLiveObjects: 0.374000 ms CreateObjectMapping: 0.154600 ms MarkObjects: 205.302700 ms  DeleteObjects: 0.151000 ms)

AssetImportParameters requested are different than current active one (requested -> active):
  custom:video-decoder-ogg-theora: a1e56fd34408186e4bbccfd4996cb3dc -> 
  custom:container-muxer-webm: aa71ff27fc2769a1b78a27578f13a17b -> 
  custom:container-demuxer-webm: 4f35f7cbe854078d1ac9338744f61a02 -> 
  custom:video-encoder-webm-vp8: eb34c28f22e8b96e1ab97ce403110664 -> 
  custom:audio-encoder-webm-vorbis: bf7c407c2cedff20999df2af8eb42d56 -> 
  custom:framework-win-MediaFoundation: 216162199b28c13a410421893ffa2e32 -> 
  custom:container-demuxer-ogg: 62fdf1f143b41e24485cea50d1cbac27 -> 
  custom:video-decoder-webm-vp8: 9c59270c3fd7afecdb556c50c9e8de78 -> 
  custom:audio-decoder-ogg-vorbis: bf7c407c2cedff20999df2af8eb42d56 -> 
========================================================================
Received Import Request.
  Time since last request: 246.494987 seconds.
  path: Assets/Scripts/EnemyHelth.cs
  artifactKey: Guid(10faff71b96f4b840a09dd711e468e0d) Importer(815301076,1909f56bfc062723c751e8b465ee728b)
Start importing Assets/Scripts/EnemyHelth.cs using Guid(10faff71b96f4b840a09dd711e468e0d) Importer(815301076,1909f56bfc062723c751e8b465ee728b)  -> (artifact id: '77e51f3e92bc80b110250248c1b8a3e0') in 0.017065 seconds 
========================================================================
Received Import Request.
  Time since last request: 9.349597 seconds.
  path: Assets/Scripts/EnemyMovement.cs
  artifactKey: Guid(bf144af46e00b2d44b168bd59795f565) Importer(815301076,1909f56bfc062723c751e8b465ee728b)
Start importing Assets/Scripts/EnemyMovement.cs using Guid(bf144af46e00b2d44b168bd59795f565) Importer(815301076,1909f56bfc062723c751e8b465ee728b)  -> (artifact id: 'ccaf4c4a0e258fa2c5f6bd9bbb08131e') in 1.555326 seconds 
========================================================================
Received Import Request.
  Time since last request: 5.892415 seconds.
  path: Assets/Scripts/SpawnEnemy.cs
  artifactKey: Guid(bbc340ad0a355414ca2639f2fd0f6849) Importer(815301076,1909f56bfc062723c751e8b465ee728b)
Start importing Assets/Scripts/SpawnEnemy.cs using Guid(bbc340ad0a355414ca2639f2fd0f6849) Importer(815301076,1909f56bfc062723c751e8b465ee728b)  -> (artifact id: 'a42092b802b89ee0da1f59ba1d9c0dcb') in 0.011584 seconds 
========================================================================
Received Prepare
Registering precompiled user dll's ...
Registered in 0.006888 seconds.
Begin MonoManager ReloadAssembly
Symbol file LoadedFromMemory doesn't match image X:\gitnew\TowerDefenceNew\Library\PackageCache\com.unity.visualscripting@1.7.6\Editor\VisualScripting.Core\Dependencies\YamlDotNet\Unity.VisualScripting.YamlDotNet.dll
Symbol file LoadedFromMemory is not a mono symbol file
Symbol file LoadedFromMemory doesn't match image X:\gitnew\TowerDefenceNew\Library\PackageCache\com.unity.visualscripting@1.7.6\Editor\VisualScripting.Core\Dependencies\DotNetZip\Unity.VisualScripting.IonicZip.dll
Native extension for WindowsStandalone target not found
Refreshing native plugins compatible for Editor in 1.41 ms, found 3 plugins.
Preloading 0 native plugins for Editor in 0.00 ms.
Mono: successfully reloaded assembly
- Completed reload, in  2.181 seconds
Domain Reload Profiling:
	ReloadAssembly (2182ms)
		BeginReloadAssembly (329ms)
			ExecutionOrderSort (0ms)
			DisableScriptedObjects (13ms)
			BackupInstance (0ms)
			ReleaseScriptingObjects (0ms)
			CreateAndSetChildDomain (82ms)
		EndReloadAssembly (1640ms)
			LoadAssemblies (227ms)
			RebuildTransferFunctionScriptingTraits (0ms)
			SetupTypeCache (668ms)
			ReleaseScriptCaches (2ms)
			RebuildScriptCaches (74ms)
			SetupLoadedEditorAssemblies (612ms)
				LogAssemblyErrors (0ms)
				InitializePlatformSupportModulesInManaged (29ms)
				SetLoadedEditorAssemblies (1ms)
				RefreshPlugins (2ms)
				BeforeProcessingInitializeOnLoad (136ms)
				ProcessInitializeOnLoadAttributes (392ms)
				ProcessInitializeOnLoadMethodAttributes (43ms)
				AfterProcessingInitializeOnLoad (9ms)
				EditorAssembliesLoaded (0ms)
			ExecutionOrderSort2 (0ms)
			AwakeInstancesAfterBackupRestoration (13ms)
Platform modules already initialized, skipping
Refreshing native plugins compatible for Editor in 28.22 ms, found 3 plugins.
Preloading 0 native plugins for Editor in 0.00 ms.
Unloading 3226 Unused Serialized files (Serialized files now loaded: 0)
Unloading 16 unused Assets / (79.0 KB). Loaded Objects now: 3742.
Memory consumption went from 117.1 MB to 117.0 MB.
Total: 34.668100 ms (FindLiveObjects: 0.521700 ms CreateObjectMapping: 0.212200 ms MarkObjects: 33.682400 ms  DeleteObjects: 0.250200 ms)

AssetImportParameters requested are different than current active one (requested -> active):
  custom:video-decoder-ogg-theora: a1e56fd34408186e4bbccfd4996cb3dc -> 
  custom:container-muxer-webm: aa71ff27fc2769a1b78a27578f13a17b -> 
  custom:container-demuxer-webm: 4f35f7cbe854078d1ac9338744f61a02 -> 
  custom:video-encoder-webm-vp8: eb34c28f22e8b96e1ab97ce403110664 -> 
  custom:audio-encoder-webm-vorbis: bf7c407c2cedff20999df2af8eb42d56 -> 
  custom:framework-win-MediaFoundation: 216162199b28c13a410421893ffa2e32 -> 
  custom:container-demuxer-ogg: 62fdf1f143b41e24485cea50d1cbac27 -> 
  custom:video-decoder-webm-vp8: 9c59270c3fd7afecdb556c50c9e8de78 -> 
  custom:audio-decoder-ogg-vorbis: bf7c407c2cedff20999df2af8eb42d56 -> 
========================================================================
Received Prepare
Registering precompiled user dll's ...
Registered in 0.009357 seconds.
Begin MonoManager ReloadAssembly
Symbol file LoadedFromMemory doesn't match image X:\gitnew\TowerDefenceNew\Library\PackageCache\com.unity.visualscripting@1.7.6\Editor\VisualScripting.Core\Dependencies\YamlDotNet\Unity.VisualScripting.YamlDotNet.dll
Symbol file LoadedFromMemory is not a mono symbol file
Symbol file LoadedFromMemory doesn't match image X:\gitnew\TowerDefenceNew\Library\PackageCache\com.unity.visualscripting@1.7.6\Editor\VisualScripting.Core\Dependencies\DotNetZip\Unity.VisualScripting.IonicZip.dll
Native extension for WindowsStandalone target not found
Refreshing native plugins compatible for Editor in 0.79 ms, found 3 plugins.
Preloading 0 native plugins for Editor in 0.00 ms.
Mono: successfully reloaded assembly
- Completed reload, in  1.775 seconds
Domain Reload Profiling:
	ReloadAssembly (1776ms)
		BeginReloadAssembly (330ms)
			ExecutionOrderSort (0ms)
			DisableScriptedObjects (12ms)
			BackupInstance (0ms)
			ReleaseScriptingObjects (0ms)
			CreateAndSetChildDomain (165ms)
		EndReloadAssembly (1270ms)
			LoadAssemblies (148ms)
			RebuildTransferFunctionScriptingTraits (0ms)
			SetupTypeCache (503ms)
			ReleaseScriptCaches (2ms)
			RebuildScriptCaches (72ms)
			SetupLoadedEditorAssemblies (486ms)
				LogAssemblyErrors (0ms)
				InitializePlatformSupportModulesInManaged (20ms)
				SetLoadedEditorAssemblies (1ms)
				RefreshPlugins (1ms)
				BeforeProcessingInitializeOnLoad (93ms)
				ProcessInitializeOnLoadAttributes (320ms)
				ProcessInitializeOnLoadMethodAttributes (43ms)
				AfterProcessingInitializeOnLoad (7ms)
				EditorAssembliesLoaded (0ms)
			ExecutionOrderSort2 (0ms)
			AwakeInstancesAfterBackupRestoration (10ms)
Platform modules already initialized, skipping
Refreshing native plugins compatible for Editor in 2.26 ms, found 3 plugins.
Preloading 0 native plugins for Editor in 0.00 ms.
Unloading 3226 Unused Serialized files (Serialized files now loaded: 0)
Unloading 16 unused Assets / (78.9 KB). Loaded Objects now: 3745.
Memory consumption went from 117.1 MB to 117.0 MB.
Total: 5.598800 ms (FindLiveObjects: 0.361300 ms CreateObjectMapping: 0.141300 ms MarkObjects: 4.988900 ms  DeleteObjects: 0.105900 ms)

AssetImportParameters requested are different than current active one (requested -> active):
  custom:video-decoder-ogg-theora: a1e56fd34408186e4bbccfd4996cb3dc -> 
  custom:container-muxer-webm: aa71ff27fc2769a1b78a27578f13a17b -> 
  custom:container-demuxer-webm: 4f35f7cbe854078d1ac9338744f61a02 -> 
  custom:video-encoder-webm-vp8: eb34c28f22e8b96e1ab97ce403110664 -> 
  custom:audio-encoder-webm-vorbis: bf7c407c2cedff20999df2af8eb42d56 -> 
  custom:framework-win-MediaFoundation: 216162199b28c13a410421893ffa2e32 -> 
  custom:container-demuxer-ogg: 62fdf1f143b41e24485cea50d1cbac27 -> 
  custom:video-decoder-webm-vp8: 9c59270c3fd7afecdb556c50c9e8de78 -> 
  custom:audio-decoder-ogg-vorbis: bf7c407c2cedff20999df2af8eb42d56 -> 
========================================================================
Received Prepare
Registering precompiled user dll's ...
Registered in 0.006860 seconds.
Begin MonoManager ReloadAssembly
Symbol file LoadedFromMemory doesn't match image X:\gitnew\TowerDefenceNew\Library\PackageCache\com.unity.visualscripting@1.7.6\Editor\VisualScripting.Core\Dependencies\YamlDotNet\Unity.VisualScripting.YamlDotNet.dll
Symbol file LoadedFromMemory is not a mono symbol file
Symbol file LoadedFromMemory doesn't match image X:\gitnew\TowerDefenceNew\Library\PackageCache\com.unity.visualscripting@1.7.6\Editor\VisualScripting.Core\Dependencies\DotNetZip\Unity.VisualScripting.IonicZip.dll
Native extension for WindowsStandalone target not found
Refreshing native plugins compatible for Editor in 0.85 ms, found 3 plugins.
Preloading 0 native plugins for Editor in 0.00 ms.
Mono: successfully reloaded assembly
- Completed reload, in  1.665 seconds
Domain Reload Profiling:
	ReloadAssembly (1666ms)
		BeginReloadAssembly (193ms)
			ExecutionOrderSort (0ms)
			DisableScriptedObjects (8ms)
			BackupInstance (0ms)
			ReleaseScriptingObjects (0ms)
			CreateAndSetChildDomain (46ms)
		EndReloadAssembly (1318ms)
			LoadAssemblies (148ms)
			RebuildTransferFunctionScriptingTraits (0ms)
			SetupTypeCache (471ms)
			ReleaseScriptCaches (2ms)
			RebuildScriptCaches (83ms)
			SetupLoadedEditorAssemblies (537ms)
				LogAssemblyErrors (0ms)
				InitializePlatformSupportModulesInManaged (22ms)
				SetLoadedEditorAssemblies (1ms)
				RefreshPlugins (1ms)
				BeforeProcessingInitializeOnLoad (106ms)
				ProcessInitializeOnLoadAttributes (351ms)
				ProcessInitializeOnLoadMethodAttributes (48ms)
				AfterProcessingInitializeOnLoad (8ms)
				EditorAssembliesLoaded (0ms)
			ExecutionOrderSort2 (0ms)
			AwakeInstancesAfterBackupRestoration (13ms)
Platform modules already initialized, skipping
Refreshing native plugins compatible for Editor in 2.24 ms, found 3 plugins.
Preloading 0 native plugins for Editor in 0.00 ms.
Unloading 3226 Unused Serialized files (Serialized files now loaded: 0)
Unloading 16 unused Assets / (79.0 KB). Loaded Objects now: 3748.
Memory consumption went from 117.1 MB to 117.0 MB.
Total: 5.224400 ms (FindLiveObjects: 0.389800 ms CreateObjectMapping: 0.146900 ms MarkObjects: 4.539900 ms  DeleteObjects: 0.146100 ms)

AssetImportParameters requested are different than current active one (requested -> active):
  custom:video-decoder-ogg-theora: a1e56fd34408186e4bbccfd4996cb3dc -> 
  custom:container-muxer-webm: aa71ff27fc2769a1b78a27578f13a17b -> 
  custom:container-demuxer-webm: 4f35f7cbe854078d1ac9338744f61a02 -> 
  custom:video-encoder-webm-vp8: eb34c28f22e8b96e1ab97ce403110664 -> 
  custom:audio-encoder-webm-vorbis: bf7c407c2cedff20999df2af8eb42d56 -> 
  custom:framework-win-MediaFoundation: 216162199b28c13a410421893ffa2e32 -> 
  custom:container-demuxer-ogg: 62fdf1f143b41e24485cea50d1cbac27 -> 
  custom:video-decoder-webm-vp8: 9c59270c3fd7afecdb556c50c9e8de78 -> 
  custom:audio-decoder-ogg-vorbis: bf7c407c2cedff20999df2af8eb42d56 -> 
========================================================================
Received Prepare
Registering precompiled user dll's ...
Registered in 0.007282 seconds.
Begin MonoManager ReloadAssembly
Symbol file LoadedFromMemory doesn't match image X:\gitnew\TowerDefenceNew\Library\PackageCache\com.unity.visualscripting@1.7.6\Editor\VisualScripting.Core\Dependencies\YamlDotNet\Unity.VisualScripting.YamlDotNet.dll
Symbol file LoadedFromMemory is not a mono symbol file
Symbol file LoadedFromMemory doesn't match image X:\gitnew\TowerDefenceNew\Library\PackageCache\com.unity.visualscripting@1.7.6\Editor\VisualScripting.Core\Dependencies\DotNetZip\Unity.VisualScripting.IonicZip.dll
Native extension for WindowsStandalone target not found
Refreshing native plugins compatible for Editor in 0.79 ms, found 3 plugins.
Preloading 0 native plugins for Editor in 0.00 ms.
Mono: successfully reloaded assembly
- Completed reload, in  1.626 seconds
Domain Reload Profiling:
	ReloadAssembly (1627ms)
		BeginReloadAssembly (205ms)
			ExecutionOrderSort (0ms)
			DisableScriptedObjects (9ms)
			BackupInstance (0ms)
			ReleaseScriptingObjects (0ms)
			CreateAndSetChildDomain (46ms)
		EndReloadAssembly (1246ms)
			LoadAssemblies (162ms)
			RebuildTransferFunctionScriptingTraits (0ms)
			SetupTypeCache (461ms)
			ReleaseScriptCaches (2ms)
			RebuildScriptCaches (59ms)
			SetupLoadedEditorAssemblies (519ms)
				LogAssemblyErrors (0ms)
				InitializePlatformSupportModulesInManaged (22ms)
				SetLoadedEditorAssemblies (1ms)
				RefreshPlugins (1ms)
				BeforeProcessingInitializeOnLoad (104ms)
				ProcessInitializeOnLoadAttributes (333ms)
				ProcessInitializeOnLoadMethodAttributes (48ms)
				AfterProcessingInitializeOnLoad (10ms)
				EditorAssembliesLoaded (0ms)
			ExecutionOrderSort2 (0ms)
			AwakeInstancesAfterBackupRestoration (12ms)
Platform modules already initialized, skipping
Refreshing native plugins compatible for Editor in 2.36 ms, found 3 plugins.
Preloading 0 native plugins for Editor in 0.00 ms.
Unloading 3226 Unused Serialized files (Serialized files now loaded: 0)
Unloading 16 unused Assets / (78.9 KB). Loaded Objects now: 3751.
Memory consumption went from 117.1 MB to 117.0 MB.
Total: 9.242800 ms (FindLiveObjects: 0.329100 ms CreateObjectMapping: 0.143200 ms MarkObjects: 8.666100 ms  DeleteObjects: 0.102800 ms)

AssetImportParameters requested are different than current active one (requested -> active):
  custom:video-decoder-ogg-theora: a1e56fd34408186e4bbccfd4996cb3dc -> 
  custom:container-muxer-webm: aa71ff27fc2769a1b78a27578f13a17b -> 
  custom:container-demuxer-webm: 4f35f7cbe854078d1ac9338744f61a02 -> 
  custom:video-encoder-webm-vp8: eb34c28f22e8b96e1ab97ce403110664 -> 
  custom:audio-encoder-webm-vorbis: bf7c407c2cedff20999df2af8eb42d56 -> 
  custom:framework-win-MediaFoundation: 216162199b28c13a410421893ffa2e32 -> 
  custom:container-demuxer-ogg: 62fdf1f143b41e24485cea50d1cbac27 -> 
  custom:video-decoder-webm-vp8: 9c59270c3fd7afecdb556c50c9e8de78 -> 
  custom:audio-decoder-ogg-vorbis: bf7c407c2cedff20999df2af8eb42d56 -> 
========================================================================
Received Prepare
Registering precompiled user dll's ...
Registered in 0.007888 seconds.
Begin MonoManager ReloadAssembly
Symbol file LoadedFromMemory doesn't match image X:\gitnew\TowerDefenceNew\Library\PackageCache\com.unity.visualscripting@1.7.6\Editor\VisualScripting.Core\Dependencies\YamlDotNet\Unity.VisualScripting.YamlDotNet.dll
Symbol file LoadedFromMemory is not a mono symbol file
Symbol file LoadedFromMemory doesn't match image X:\gitnew\TowerDefenceNew\Library\PackageCache\com.unity.visualscripting@1.7.6\Editor\VisualScripting.Core\Dependencies\DotNetZip\Unity.VisualScripting.IonicZip.dll
Native extension for WindowsStandalone target not found
Refreshing native plugins compatible for Editor in 0.70 ms, found 3 plugins.
Preloading 0 native plugins for Editor in 0.00 ms.
Mono: successfully reloaded assembly
- Completed reload, in  1.581 seconds
Domain Reload Profiling:
	ReloadAssembly (1582ms)
		BeginReloadAssembly (231ms)
			ExecutionOrderSort (0ms)
			DisableScriptedObjects (10ms)
			BackupInstance (0ms)
			ReleaseScriptingObjects (0ms)
			CreateAndSetChildDomain (56ms)
		EndReloadAssembly (1192ms)
			LoadAssemblies (156ms)
			RebuildTransferFunctionScriptingTraits (0ms)
			SetupTypeCache (420ms)
			ReleaseScriptCaches (2ms)
			RebuildScriptCaches (72ms)
			SetupLoadedEditorAssemblies (488ms)
				LogAssemblyErrors (0ms)
				InitializePlatformSupportModulesInManaged (25ms)
				SetLoadedEditorAssemblies (1ms)
				RefreshPlugins (1ms)
				BeforeProcessingInitializeOnLoad (105ms)
				ProcessInitializeOnLoadAttributes (306ms)
				ProcessInitializeOnLoadMethodAttributes (42ms)
				AfterProcessingInitializeOnLoad (8ms)
				EditorAssembliesLoaded (0ms)
			ExecutionOrderSort2 (0ms)
			AwakeInstancesAfterBackupRestoration (9ms)
Platform modules already initialized, skipping
Refreshing native plugins compatible for Editor in 2.05 ms, found 3 plugins.
Preloading 0 native plugins for Editor in 0.00 ms.
Unloading 3226 Unused Serialized files (Serialized files now loaded: 0)
Unloading 16 unused Assets / (79.0 KB). Loaded Objects now: 3754.
Memory consumption went from 117.1 MB to 117.0 MB.
Total: 4.320800 ms (FindLiveObjects: 0.325700 ms CreateObjectMapping: 0.142000 ms MarkObjects: 3.757300 ms  DeleteObjects: 0.094600 ms)

AssetImportParameters requested are different than current active one (requested -> active):
  custom:video-decoder-ogg-theora: a1e56fd34408186e4bbccfd4996cb3dc -> 
  custom:container-muxer-webm: aa71ff27fc2769a1b78a27578f13a17b -> 
  custom:container-demuxer-webm: 4f35f7cbe854078d1ac9338744f61a02 -> 
  custom:video-encoder-webm-vp8: eb34c28f22e8b96e1ab97ce403110664 -> 
  custom:audio-encoder-webm-vorbis: bf7c407c2cedff20999df2af8eb42d56 -> 
  custom:framework-win-MediaFoundation: 216162199b28c13a410421893ffa2e32 -> 
  custom:container-demuxer-ogg: 62fdf1f143b41e24485cea50d1cbac27 -> 
  custom:video-decoder-webm-vp8: 9c59270c3fd7afecdb556c50c9e8de78 -> 
  custom:audio-decoder-ogg-vorbis: bf7c407c2cedff20999df2af8eb42d56 -> 
========================================================================
Received Prepare
Registering precompiled user dll's ...
Registered in 0.007752 seconds.
Begin MonoManager ReloadAssembly
Symbol file LoadedFromMemory doesn't match image X:\gitnew\TowerDefenceNew\Library\PackageCache\com.unity.visualscripting@1.7.6\Editor\VisualScripting.Core\Dependencies\YamlDotNet\Unity.VisualScripting.YamlDotNet.dll
Symbol file LoadedFromMemory is not a mono symbol file
Symbol file LoadedFromMemory doesn't match image X:\gitnew\TowerDefenceNew\Library\PackageCache\com.unity.visualscripting@1.7.6\Editor\VisualScripting.Core\Dependencies\DotNetZip\Unity.VisualScripting.IonicZip.dll
Native extension for WindowsStandalone target not found
Refreshing native plugins compatible for Editor in 0.68 ms, found 3 plugins.
Preloading 0 native plugins for Editor in 0.00 ms.
Mono: successfully reloaded assembly
- Completed reload, in  1.659 seconds
Domain Reload Profiling:
	ReloadAssembly (1660ms)
		BeginReloadAssembly (212ms)
			ExecutionOrderSort (0ms)
			DisableScriptedObjects (9ms)
			BackupInstance (0ms)
			ReleaseScriptingObjects (0ms)
			CreateAndSetChildDomain (50ms)
		EndReloadAssembly (1277ms)
			LoadAssemblies (158ms)
			RebuildTransferFunctionScriptingTraits (0ms)
			SetupTypeCache (476ms)
			ReleaseScriptCaches (2ms)
			RebuildScriptCaches (76ms)
			SetupLoadedEditorAssemblies (509ms)
				LogAssemblyErrors (0ms)
				InitializePlatformSupportModulesInManaged (20ms)
				SetLoadedEditorAssemblies (1ms)
				RefreshPlugins (1ms)
				BeforeProcessingInitializeOnLoad (98ms)
				ProcessInitializeOnLoadAttributes (348ms)
				ProcessInitializeOnLoadMethodAttributes (35ms)
				AfterProcessingInitializeOnLoad (7ms)
				EditorAssembliesLoaded (0ms)
			ExecutionOrderSort2 (0ms)
			AwakeInstancesAfterBackupRestoration (9ms)
Platform modules already initialized, skipping
Refreshing native plugins compatible for Editor in 2.20 ms, found 3 plugins.
Preloading 0 native plugins for Editor in 0.00 ms.
Unloading 3226 Unused Serialized files (Serialized files now loaded: 0)
Unloading 16 unused Assets / (79.0 KB). Loaded Objects now: 3757.
Memory consumption went from 117.1 MB to 117.1 MB.
Total: 3.846900 ms (FindLiveObjects: 0.330500 ms CreateObjectMapping: 0.142000 ms MarkObjects: 3.273700 ms  DeleteObjects: 0.099200 ms)

AssetImportParameters requested are different than current active one (requested -> active):
  custom:video-decoder-ogg-theora: a1e56fd34408186e4bbccfd4996cb3dc -> 
  custom:container-muxer-webm: aa71ff27fc2769a1b78a27578f13a17b -> 
  custom:container-demuxer-webm: 4f35f7cbe854078d1ac9338744f61a02 -> 
  custom:video-encoder-webm-vp8: eb34c28f22e8b96e1ab97ce403110664 -> 
  custom:audio-encoder-webm-vorbis: bf7c407c2cedff20999df2af8eb42d56 -> 
  custom:framework-win-MediaFoundation: 216162199b28c13a410421893ffa2e32 -> 
  custom:container-demuxer-ogg: 62fdf1f143b41e24485cea50d1cbac27 -> 
  custom:video-decoder-webm-vp8: 9c59270c3fd7afecdb556c50c9e8de78 -> 
  custom:audio-decoder-ogg-vorbis: bf7c407c2cedff20999df2af8eb42d56 -> 
========================================================================
Received Import Request.
  Time since last request: 1577.049809 seconds.
  path: Assets/Prefabs/Enemy.prefab
  artifactKey: Guid(bd08eab9efda25f4e8c4abf7a225258e) Importer(815301076,1909f56bfc062723c751e8b465ee728b)
Start importing Assets/Prefabs/Enemy.prefab using Guid(bd08eab9efda25f4e8c4abf7a225258e) Importer(815301076,1909f56bfc062723c751e8b465ee728b)  -> (artifact id: '1aea7f9d266a0c0c63e9ffbb6b55567c') in 0.228957 seconds 
========================================================================
Received Prepare
Registering precompiled user dll's ...
Registered in 0.007152 seconds.
Begin MonoManager ReloadAssembly
Symbol file LoadedFromMemory doesn't match image X:\gitnew\TowerDefenceNew\Library\PackageCache\com.unity.visualscripting@1.7.6\Editor\VisualScripting.Core\Dependencies\YamlDotNet\Unity.VisualScripting.YamlDotNet.dll
Symbol file LoadedFromMemory is not a mono symbol file
Symbol file LoadedFromMemory doesn't match image X:\gitnew\TowerDefenceNew\Library\PackageCache\com.unity.visualscripting@1.7.6\Editor\VisualScripting.Core\Dependencies\DotNetZip\Unity.VisualScripting.IonicZip.dll
Native extension for WindowsStandalone target not found
Refreshing native plugins compatible for Editor in 1.36 ms, found 3 plugins.
Preloading 0 native plugins for Editor in 0.00 ms.
Mono: successfully reloaded assembly
- Completed reload, in  1.526 seconds
Domain Reload Profiling:
	ReloadAssembly (1528ms)
		BeginReloadAssembly (193ms)
			ExecutionOrderSort (0ms)
			DisableScriptedObjects (7ms)
			BackupInstance (0ms)
			ReleaseScriptingObjects (0ms)
			CreateAndSetChildDomain (45ms)
		EndReloadAssembly (1183ms)
			LoadAssemblies (141ms)
			RebuildTransferFunctionScriptingTraits (0ms)
			SetupTypeCache (405ms)
			ReleaseScriptCaches (2ms)
			RebuildScriptCaches (67ms)
			SetupLoadedEditorAssemblies (498ms)
				LogAssemblyErrors (0ms)
				InitializePlatformSupportModulesInManaged (29ms)
				SetLoadedEditorAssemblies (1ms)
				RefreshPlugins (2ms)
				BeforeProcessingInitializeOnLoad (100ms)
				ProcessInitializeOnLoadAttributes (309ms)
				ProcessInitializeOnLoadMethodAttributes (48ms)
				AfterProcessingInitializeOnLoad (8ms)
				EditorAssembliesLoaded (0ms)
			ExecutionOrderSort2 (0ms)
			AwakeInstancesAfterBackupRestoration (9ms)
Platform modules already initialized, skipping
Refreshing native plugins compatible for Editor in 2.10 ms, found 3 plugins.
Preloading 0 native plugins for Editor in 0.00 ms.
Unloading 3226 Unused Serialized files (Serialized files now loaded: 0)
Unloading 16 unused Assets / (78.9 KB). Loaded Objects now: 3760.
Memory consumption went from 117.1 MB to 117.1 MB.
Total: 11.093100 ms (FindLiveObjects: 0.330400 ms CreateObjectMapping: 0.145400 ms MarkObjects: 10.500400 ms  DeleteObjects: 0.115400 ms)

AssetImportParameters requested are different than current active one (requested -> active):
  custom:video-decoder-ogg-theora: a1e56fd34408186e4bbccfd4996cb3dc -> 
  custom:container-muxer-webm: aa71ff27fc2769a1b78a27578f13a17b -> 
  custom:container-demuxer-webm: 4f35f7cbe854078d1ac9338744f61a02 -> 
  custom:video-encoder-webm-vp8: eb34c28f22e8b96e1ab97ce403110664 -> 
  custom:audio-encoder-webm-vorbis: bf7c407c2cedff20999df2af8eb42d56 -> 
  custom:framework-win-MediaFoundation: 216162199b28c13a410421893ffa2e32 -> 
  custom:container-demuxer-ogg: 62fdf1f143b41e24485cea50d1cbac27 -> 
  custom:video-decoder-webm-vp8: 9c59270c3fd7afecdb556c50c9e8de78 -> 
  custom:audio-decoder-ogg-vorbis: bf7c407c2cedff20999df2af8eb42d56 -> 
========================================================================
Received Prepare
Registering precompiled user dll's ...
Registered in 0.007052 seconds.
Begin MonoManager ReloadAssembly
Symbol file LoadedFromMemory doesn't match image X:\gitnew\TowerDefenceNew\Library\PackageCache\com.unity.visualscripting@1.7.6\Editor\VisualScripting.Core\Dependencies\YamlDotNet\Unity.VisualScripting.YamlDotNet.dll
Symbol file LoadedFromMemory is not a mono symbol file
Symbol file LoadedFromMemory doesn't match image X:\gitnew\TowerDefenceNew\Library\PackageCache\com.unity.visualscripting@1.7.6\Editor\VisualScripting.Core\Dependencies\DotNetZip\Unity.VisualScripting.IonicZip.dll
Native extension for WindowsStandalone target not found
Refreshing native plugins compatible for Editor in 0.77 ms, found 3 plugins.
Preloading 0 native plugins for Editor in 0.00 ms.
Mono: successfully reloaded assembly
- Completed reload, in  1.505 seconds
Domain Reload Profiling:
	ReloadAssembly (1506ms)
		BeginReloadAssembly (200ms)
			ExecutionOrderSort (0ms)
			DisableScriptedObjects (9ms)
			BackupInstance (0ms)
			ReleaseScriptingObjects (0ms)
			CreateAndSetChildDomain (47ms)
		EndReloadAssembly (1160ms)
			LoadAssemblies (145ms)
			RebuildTransferFunctionScriptingTraits (0ms)
			SetupTypeCache (415ms)
			ReleaseScriptCaches (2ms)
			RebuildScriptCaches (59ms)
			SetupLoadedEditorAssemblies (494ms)
				LogAssemblyErrors (0ms)
				InitializePlatformSupportModulesInManaged (19ms)
				SetLoadedEditorAssemblies (1ms)
				RefreshPlugins (1ms)
				BeforeProcessingInitializeOnLoad (102ms)
				ProcessInitializeOnLoadAttributes (329ms)
				ProcessInitializeOnLoadMethodAttributes (36ms)
				AfterProcessingInitializeOnLoad (7ms)
				EditorAssembliesLoaded (0ms)
			ExecutionOrderSort2 (0ms)
			AwakeInstancesAfterBackupRestoration (11ms)
Platform modules already initialized, skipping
Refreshing native plugins compatible for Editor in 2.38 ms, found 3 plugins.
Preloading 0 native plugins for Editor in 0.00 ms.
Unloading 3226 Unused Serialized files (Serialized files now loaded: 0)
Unloading 16 unused Assets / (79.1 KB). Loaded Objects now: 3763.
Memory consumption went from 117.1 MB to 117.1 MB.
Total: 4.466000 ms (FindLiveObjects: 0.368500 ms CreateObjectMapping: 0.176700 ms MarkObjects: 3.818900 ms  DeleteObjects: 0.100600 ms)

AssetImportParameters requested are different than current active one (requested -> active):
  custom:video-decoder-ogg-theora: a1e56fd34408186e4bbccfd4996cb3dc -> 
  custom:container-muxer-webm: aa71ff27fc2769a1b78a27578f13a17b -> 
  custom:container-demuxer-webm: 4f35f7cbe854078d1ac9338744f61a02 -> 
  custom:video-encoder-webm-vp8: eb34c28f22e8b96e1ab97ce403110664 -> 
  custom:audio-encoder-webm-vorbis: bf7c407c2cedff20999df2af8eb42d56 -> 
  custom:framework-win-MediaFoundation: 216162199b28c13a410421893ffa2e32 -> 
  custom:container-demuxer-ogg: 62fdf1f143b41e24485cea50d1cbac27 -> 
  custom:video-decoder-webm-vp8: 9c59270c3fd7afecdb556c50c9e8de78 -> 
  custom:audio-decoder-ogg-vorbis: bf7c407c2cedff20999df2af8eb42d56 -> 
========================================================================
Received Prepare
Registering precompiled user dll's ...
Registered in 0.008448 seconds.
Begin MonoManager ReloadAssembly
Symbol file LoadedFromMemory doesn't match image X:\gitnew\TowerDefenceNew\Library\PackageCache\com.unity.visualscripting@1.7.6\Editor\VisualScripting.Core\Dependencies\YamlDotNet\Unity.VisualScripting.YamlDotNet.dll
Symbol file LoadedFromMemory is not a mono symbol file
Symbol file LoadedFromMemory doesn't match image X:\gitnew\TowerDefenceNew\Library\PackageCache\com.unity.visualscripting@1.7.6\Editor\VisualScripting.Core\Dependencies\DotNetZip\Unity.VisualScripting.IonicZip.dll
Native extension for WindowsStandalone target not found
Refreshing native plugins compatible for Editor in 0.78 ms, found 3 plugins.
Preloading 0 native plugins for Editor in 0.00 ms.
Mono: successfully reloaded assembly
- Completed reload, in  1.601 seconds
Domain Reload Profiling:
	ReloadAssembly (1603ms)
		BeginReloadAssembly (242ms)
			ExecutionOrderSort (0ms)
			DisableScriptedObjects (14ms)
			BackupInstance (0ms)
			ReleaseScriptingObjects (0ms)
			CreateAndSetChildDomain (69ms)
		EndReloadAssembly (1205ms)
			LoadAssemblies (147ms)
			RebuildTransferFunctionScriptingTraits (0ms)
			SetupTypeCache (438ms)
			ReleaseScriptCaches (2ms)
			RebuildScriptCaches (63ms)
			SetupLoadedEditorAssemblies (505ms)
				LogAssemblyErrors (0ms)
				InitializePlatformSupportModulesInManaged (18ms)
				SetLoadedEditorAssemblies (1ms)
				RefreshPlugins (1ms)
				BeforeProcessingInitializeOnLoad (102ms)
				ProcessInitializeOnLoadAttributes (333ms)
				ProcessInitializeOnLoadMethodAttributes (43ms)
				AfterProcessingInitializeOnLoad (7ms)
				EditorAssembliesLoaded (0ms)
			ExecutionOrderSort2 (0ms)
			AwakeInstancesAfterBackupRestoration (10ms)
Platform modules already initialized, skipping
Refreshing native plugins compatible for Editor in 3.41 ms, found 3 plugins.
Preloading 0 native plugins for Editor in 0.00 ms.
Unloading 3226 Unused Serialized files (Serialized files now loaded: 0)
Unloading 16 unused Assets / (79.1 KB). Loaded Objects now: 3766.
Memory consumption went from 117.2 MB to 117.1 MB.
Total: 4.816200 ms (FindLiveObjects: 0.344100 ms CreateObjectMapping: 0.144700 ms MarkObjects: 4.224500 ms  DeleteObjects: 0.101700 ms)

AssetImportParameters requested are different than current active one (requested -> active):
  custom:video-decoder-ogg-theora: a1e56fd34408186e4bbccfd4996cb3dc -> 
  custom:container-muxer-webm: aa71ff27fc2769a1b78a27578f13a17b -> 
  custom:container-demuxer-webm: 4f35f7cbe854078d1ac9338744f61a02 -> 
  custom:video-encoder-webm-vp8: eb34c28f22e8b96e1ab97ce403110664 -> 
  custom:audio-encoder-webm-vorbis: bf7c407c2cedff20999df2af8eb42d56 -> 
  custom:framework-win-MediaFoundation: 216162199b28c13a410421893ffa2e32 -> 
  custom:container-demuxer-ogg: 62fdf1f143b41e24485cea50d1cbac27 -> 
  custom:video-decoder-webm-vp8: 9c59270c3fd7afecdb556c50c9e8de78 -> 
  custom:audio-decoder-ogg-vorbis: bf7c407c2cedff20999df2af8eb42d56 -> 
========================================================================
Received Prepare
Registering precompiled user dll's ...
Registered in 0.009444 seconds.
Begin MonoManager ReloadAssembly
Symbol file LoadedFromMemory doesn't match image X:\gitnew\TowerDefenceNew\Library\PackageCache\com.unity.visualscripting@1.7.6\Editor\VisualScripting.Core\Dependencies\YamlDotNet\Unity.VisualScripting.YamlDotNet.dll
Symbol file LoadedFromMemory is not a mono symbol file
Symbol file LoadedFromMemory doesn't match image X:\gitnew\TowerDefenceNew\Library\PackageCache\com.unity.visualscripting@1.7.6\Editor\VisualScripting.Core\Dependencies\DotNetZip\Unity.VisualScripting.IonicZip.dll
Native extension for WindowsStandalone target not found
Refreshing native plugins compatible for Editor in 1.20 ms, found 3 plugins.
Preloading 0 native plugins for Editor in 0.00 ms.
Mono: successfully reloaded assembly
- Completed reload, in  1.541 seconds
Domain Reload Profiling:
	ReloadAssembly (1542ms)
		BeginReloadAssembly (209ms)
			ExecutionOrderSort (0ms)
			DisableScriptedObjects (10ms)
			BackupInstance (0ms)
			ReleaseScriptingObjects (0ms)
			CreateAndSetChildDomain (45ms)
		EndReloadAssembly (1184ms)
			LoadAssemblies (157ms)
			RebuildTransferFunctionScriptingTraits (0ms)
			SetupTypeCache (399ms)
			ReleaseScriptCaches (2ms)
			RebuildScriptCaches (67ms)
			SetupLoadedEditorAssemblies (514ms)
				LogAssemblyErrors (0ms)
				InitializePlatformSupportModulesInManaged (21ms)
				SetLoadedEditorAssemblies (1ms)
				RefreshPlugins (1ms)
				BeforeProcessingInitializeOnLoad (107ms)
				ProcessInitializeOnLoadAttributes (335ms)
				ProcessInitializeOnLoadMethodAttributes (42ms)
				AfterProcessingInitializeOnLoad (7ms)
				EditorAssembliesLoaded (0ms)
			ExecutionOrderSort2 (0ms)
			AwakeInstancesAfterBackupRestoration (10ms)
Platform modules already initialized, skipping
Refreshing native plugins compatible for Editor in 2.45 ms, found 3 plugins.
Preloading 0 native plugins for Editor in 0.00 ms.
Unloading 3226 Unused Serialized files (Serialized files now loaded: 0)
Unloading 16 unused Assets / (78.7 KB). Loaded Objects now: 3769.
Memory consumption went from 117.2 MB to 117.1 MB.
Total: 4.590500 ms (FindLiveObjects: 0.448500 ms CreateObjectMapping: 0.227800 ms MarkObjects: 3.816000 ms  DeleteObjects: 0.095300 ms)

AssetImportParameters requested are different than current active one (requested -> active):
  custom:video-decoder-ogg-theora: a1e56fd34408186e4bbccfd4996cb3dc -> 
  custom:container-muxer-webm: aa71ff27fc2769a1b78a27578f13a17b -> 
  custom:container-demuxer-webm: 4f35f7cbe854078d1ac9338744f61a02 -> 
  custom:video-encoder-webm-vp8: eb34c28f22e8b96e1ab97ce403110664 -> 
  custom:audio-encoder-webm-vorbis: bf7c407c2cedff20999df2af8eb42d56 -> 
  custom:framework-win-MediaFoundation: 216162199b28c13a410421893ffa2e32 -> 
  custom:container-demuxer-ogg: 62fdf1f143b41e24485cea50d1cbac27 -> 
  custom:video-decoder-webm-vp8: 9c59270c3fd7afecdb556c50c9e8de78 -> 
  custom:audio-decoder-ogg-vorbis: bf7c407c2cedff20999df2af8eb42d56 -> 
========================================================================
Received Import Request.
  Time since last request: 541.896619 seconds.
  path: Assets/Prefabs/Enemy.prefab
  artifactKey: Guid(bd08eab9efda25f4e8c4abf7a225258e) Importer(815301076,1909f56bfc062723c751e8b465ee728b)
Start importing Assets/Prefabs/Enemy.prefab using Guid(bd08eab9efda25f4e8c4abf7a225258e) Importer(815301076,1909f56bfc062723c751e8b465ee728b)  -> (artifact id: '638afe346b2dc90f0efeeb8f632b6c2f') in 0.134698 seconds 
========================================================================
Received Import Request.
  Time since last request: 12.726575 seconds.
  path: Assets/Prefabs/Enemy.prefab
  artifactKey: Guid(bd08eab9efda25f4e8c4abf7a225258e) Importer(815301076,1909f56bfc062723c751e8b465ee728b)
Start importing Assets/Prefabs/Enemy.prefab using Guid(bd08eab9efda25f4e8c4abf7a225258e) Importer(815301076,1909f56bfc062723c751e8b465ee728b)  -> (artifact id: '7b6453bcf095582f52e39ae6b9ab3e16') in 0.032781 seconds 
========================================================================
Received Import Request.
  Time since last request: 9.523734 seconds.
  path: Assets/Prefabs/Enemy.prefab
  artifactKey: Guid(bd08eab9efda25f4e8c4abf7a225258e) Importer(815301076,1909f56bfc062723c751e8b465ee728b)
Start importing Assets/Prefabs/Enemy.prefab using Guid(bd08eab9efda25f4e8c4abf7a225258e) Importer(815301076,1909f56bfc062723c751e8b465ee728b)  -> (artifact id: 'eea5da458e23ae375ecaebb389f25edf') in 0.017167 seconds 
========================================================================
Received Import Request.
  Time since last request: 20.369071 seconds.
  path: Assets/Prefabs/Enemy.prefab
  artifactKey: Guid(bd08eab9efda25f4e8c4abf7a225258e) Importer(815301076,1909f56bfc062723c751e8b465ee728b)
Start importing Assets/Prefabs/Enemy.prefab using Guid(bd08eab9efda25f4e8c4abf7a225258e) Importer(815301076,1909f56bfc062723c751e8b465ee728b)  -> (artifact id: 'd7978a1ff1d267e83eb5fe47f321fd88') in 0.035149 seconds 
========================================================================
Received Import Request.
  Time since last request: 5.047145 seconds.
  path: Assets/Prefabs/Enemy.prefab
  artifactKey: Guid(bd08eab9efda25f4e8c4abf7a225258e) Importer(815301076,1909f56bfc062723c751e8b465ee728b)
Start importing Assets/Prefabs/Enemy.prefab using Guid(bd08eab9efda25f4e8c4abf7a225258e) Importer(815301076,1909f56bfc062723c751e8b465ee728b)  -> (artifact id: 'a2203984d0d22c95f2043be56aefb04b') in 0.030188 seconds 
========================================================================
Received Import Request.
  Time since last request: 3.380941 seconds.
  path: Assets/Prefabs/Enemy.prefab
  artifactKey: Guid(bd08eab9efda25f4e8c4abf7a225258e) Importer(815301076,1909f56bfc062723c751e8b465ee728b)
Start importing Assets/Prefabs/Enemy.prefab using Guid(bd08eab9efda25f4e8c4abf7a225258e) Importer(815301076,1909f56bfc062723c751e8b465ee728b)  -> (artifact id: '86f5c0d69a2ea5e52b7eb423166ea144') in 0.039242 seconds 
========================================================================
Received Import Request.
  Time since last request: 4.175235 seconds.
  path: Assets/Prefabs/Enemy.prefab
  artifactKey: Guid(bd08eab9efda25f4e8c4abf7a225258e) Importer(815301076,1909f56bfc062723c751e8b465ee728b)
Start importing Assets/Prefabs/Enemy.prefab using Guid(bd08eab9efda25f4e8c4abf7a225258e) Importer(815301076,1909f56bfc062723c751e8b465ee728b)  -> (artifact id: '431bfc149a8edccd63320389256b7764') in 0.021860 seconds 
========================================================================
Received Import Request.
  Time since last request: 1.369430 seconds.
  path: Assets/Prefabs/Enemy.prefab
  artifactKey: Guid(bd08eab9efda25f4e8c4abf7a225258e) Importer(815301076,1909f56bfc062723c751e8b465ee728b)
Start importing Assets/Prefabs/Enemy.prefab using Guid(bd08eab9efda25f4e8c4abf7a225258e) Importer(815301076,1909f56bfc062723c751e8b465ee728b)  -> (artifact id: 'a23ff6e4815e44fbf06551ab9e599aaf') in 0.031877 seconds 
========================================================================
Received Import Request.
  Time since last request: 2.561304 seconds.
  path: Assets/Prefabs/Enemy.prefab
  artifactKey: Guid(bd08eab9efda25f4e8c4abf7a225258e) Importer(815301076,1909f56bfc062723c751e8b465ee728b)
Start importing Assets/Prefabs/Enemy.prefab using Guid(bd08eab9efda25f4e8c4abf7a225258e) Importer(815301076,1909f56bfc062723c751e8b465ee728b)  -> (artifact id: 'e225b073bba12091235bb4cf96f1e400') in 0.032911 seconds 
========================================================================
Received Import Request.
  Time since last request: 5.431346 seconds.
  path: Assets/Prefabs/Enemy.prefab
  artifactKey: Guid(bd08eab9efda25f4e8c4abf7a225258e) Importer(815301076,1909f56bfc062723c751e8b465ee728b)
Start importing Assets/Prefabs/Enemy.prefab using Guid(bd08eab9efda25f4e8c4abf7a225258e) Importer(815301076,1909f56bfc062723c751e8b465ee728b)  -> (artifact id: '8a2890fcef41dc595724a6f26c8a564b') in 0.041633 seconds 
========================================================================
Received Import Request.
  Time since last request: 3.974921 seconds.
  path: Assets/Prefabs/Enemy.prefab
  artifactKey: Guid(bd08eab9efda25f4e8c4abf7a225258e) Importer(815301076,1909f56bfc062723c751e8b465ee728b)
Start importing Assets/Prefabs/Enemy.prefab using Guid(bd08eab9efda25f4e8c4abf7a225258e) Importer(815301076,1909f56bfc062723c751e8b465ee728b)  -> (artifact id: 'd9a01142b5a2b624655569afcb893ebd') in 0.020202 seconds 
========================================================================
Received Prepare
Registering precompiled user dll's ...
Registered in 0.011541 seconds.
Begin MonoManager ReloadAssembly
Symbol file LoadedFromMemory doesn't match image X:\gitnew\TowerDefenceNew\Library\PackageCache\com.unity.visualscripting@1.7.6\Editor\VisualScripting.Core\Dependencies\YamlDotNet\Unity.VisualScripting.YamlDotNet.dll
Symbol file LoadedFromMemory is not a mono symbol file
Symbol file LoadedFromMemory doesn't match image X:\gitnew\TowerDefenceNew\Library\PackageCache\com.unity.visualscripting@1.7.6\Editor\VisualScripting.Core\Dependencies\DotNetZip\Unity.VisualScripting.IonicZip.dll
Native extension for WindowsStandalone target not found
Refreshing native plugins compatible for Editor in 0.75 ms, found 3 plugins.
Preloading 0 native plugins for Editor in 0.00 ms.
Mono: successfully reloaded assembly
- Completed reload, in  1.575 seconds
Domain Reload Profiling:
	ReloadAssembly (1576ms)
		BeginReloadAssembly (216ms)
			ExecutionOrderSort (0ms)
			DisableScriptedObjects (9ms)
			BackupInstance (0ms)
			ReleaseScriptingObjects (0ms)
			CreateAndSetChildDomain (62ms)
		EndReloadAssembly (1216ms)
			LoadAssemblies (150ms)
			RebuildTransferFunctionScriptingTraits (0ms)
			SetupTypeCache (446ms)
			ReleaseScriptCaches (2ms)
			RebuildScriptCaches (61ms)
			SetupLoadedEditorAssemblies (506ms)
				LogAssemblyErrors (0ms)
				InitializePlatformSupportModulesInManaged (19ms)
				SetLoadedEditorAssemblies (1ms)
				RefreshPlugins (1ms)
				BeforeProcessingInitializeOnLoad (94ms)
				ProcessInitializeOnLoadAttributes (332ms)
				ProcessInitializeOnLoadMethodAttributes (51ms)
				AfterProcessingInitializeOnLoad (8ms)
				EditorAssembliesLoaded (0ms)
			ExecutionOrderSort2 (0ms)
			AwakeInstancesAfterBackupRestoration (9ms)
Platform modules already initialized, skipping
Refreshing native plugins compatible for Editor in 3.35 ms, found 3 plugins.
Preloading 0 native plugins for Editor in 0.00 ms.
Unloading 3226 Unused Serialized files (Serialized files now loaded: 0)
Unloading 16 unused Assets / (78.8 KB). Loaded Objects now: 3772.
Memory consumption went from 117.2 MB to 117.1 MB.
Total: 3.867100 ms (FindLiveObjects: 0.355500 ms CreateObjectMapping: 0.159500 ms MarkObjects: 3.259700 ms  DeleteObjects: 0.090900 ms)

AssetImportParameters requested are different than current active one (requested -> active):
  custom:video-decoder-ogg-theora: a1e56fd34408186e4bbccfd4996cb3dc -> 
  custom:container-muxer-webm: aa71ff27fc2769a1b78a27578f13a17b -> 
  custom:container-demuxer-webm: 4f35f7cbe854078d1ac9338744f61a02 -> 
  custom:video-encoder-webm-vp8: eb34c28f22e8b96e1ab97ce403110664 -> 
  custom:audio-encoder-webm-vorbis: bf7c407c2cedff20999df2af8eb42d56 -> 
  custom:framework-win-MediaFoundation: 216162199b28c13a410421893ffa2e32 -> 
  custom:container-demuxer-ogg: 62fdf1f143b41e24485cea50d1cbac27 -> 
  custom:video-decoder-webm-vp8: 9c59270c3fd7afecdb556c50c9e8de78 -> 
  custom:audio-decoder-ogg-vorbis: bf7c407c2cedff20999df2af8eb42d56 -> 
========================================================================
Received Prepare
Registering precompiled user dll's ...
Registered in 0.007159 seconds.
Begin MonoManager ReloadAssembly
Symbol file LoadedFromMemory doesn't match image X:\gitnew\TowerDefenceNew\Library\PackageCache\com.unity.visualscripting@1.7.6\Editor\VisualScripting.Core\Dependencies\YamlDotNet\Unity.VisualScripting.YamlDotNet.dll
Symbol file LoadedFromMemory is not a mono symbol file
Symbol file LoadedFromMemory doesn't match image X:\gitnew\TowerDefenceNew\Library\PackageCache\com.unity.visualscripting@1.7.6\Editor\VisualScripting.Core\Dependencies\DotNetZip\Unity.VisualScripting.IonicZip.dll
Native extension for WindowsStandalone target not found
Refreshing native plugins compatible for Editor in 0.78 ms, found 3 plugins.
Preloading 0 native plugins for Editor in 0.00 ms.
Mono: successfully reloaded assembly
- Completed reload, in  1.579 seconds
Domain Reload Profiling:
	ReloadAssembly (1580ms)
		BeginReloadAssembly (215ms)
			ExecutionOrderSort (0ms)
			DisableScriptedObjects (9ms)
			BackupInstance (0ms)
			ReleaseScriptingObjects (0ms)
			CreateAndSetChildDomain (45ms)
		EndReloadAssembly (1187ms)
			LoadAssemblies (167ms)
			RebuildTransferFunctionScriptingTraits (0ms)
			SetupTypeCache (409ms)
			ReleaseScriptCaches (2ms)
			RebuildScriptCaches (75ms)
			SetupLoadedEditorAssemblies (488ms)
				LogAssemblyErrors (0ms)
				InitializePlatformSupportModulesInManaged (27ms)
				SetLoadedEditorAssemblies (1ms)
				RefreshPlugins (1ms)
				BeforeProcessingInitializeOnLoad (93ms)
				ProcessInitializeOnLoadAttributes (315ms)
				ProcessInitializeOnLoadMethodAttributes (44ms)
				AfterProcessingInitializeOnLoad (8ms)
				EditorAssembliesLoaded (0ms)
			ExecutionOrderSort2 (0ms)
			AwakeInstancesAfterBackupRestoration (11ms)
Platform modules already initialized, skipping
Refreshing native plugins compatible for Editor in 2.32 ms, found 3 plugins.
Preloading 0 native plugins for Editor in 0.00 ms.
Unloading 3226 Unused Serialized files (Serialized files now loaded: 0)
Unloading 16 unused Assets / (79.0 KB). Loaded Objects now: 3775.
Memory consumption went from 117.2 MB to 117.1 MB.
Total: 3.811600 ms (FindLiveObjects: 0.318600 ms CreateObjectMapping: 0.143400 ms MarkObjects: 3.251300 ms  DeleteObjects: 0.097000 ms)

AssetImportParameters requested are different than current active one (requested -> active):
  custom:video-decoder-ogg-theora: a1e56fd34408186e4bbccfd4996cb3dc -> 
  custom:container-muxer-webm: aa71ff27fc2769a1b78a27578f13a17b -> 
  custom:container-demuxer-webm: 4f35f7cbe854078d1ac9338744f61a02 -> 
  custom:video-encoder-webm-vp8: eb34c28f22e8b96e1ab97ce403110664 -> 
  custom:audio-encoder-webm-vorbis: bf7c407c2cedff20999df2af8eb42d56 -> 
  custom:framework-win-MediaFoundation: 216162199b28c13a410421893ffa2e32 -> 
  custom:container-demuxer-ogg: 62fdf1f143b41e24485cea50d1cbac27 -> 
  custom:video-decoder-webm-vp8: 9c59270c3fd7afecdb556c50c9e8de78 -> 
  custom:audio-decoder-ogg-vorbis: bf7c407c2cedff20999df2af8eb42d56 -> 
========================================================================
Received Import Request.
  Time since last request: 3170.590405 seconds.
  path: Assets/Prefabs/Enemy.prefab
  artifactKey: Guid(bd08eab9efda25f4e8c4abf7a225258e) Importer(815301076,1909f56bfc062723c751e8b465ee728b)
Start importing Assets/Prefabs/Enemy.prefab using Guid(bd08eab9efda25f4e8c4abf7a225258e) Importer(815301076,1909f56bfc062723c751e8b465ee728b)  -> (artifact id: '8b9239f25cc4cab834ab103ca34086e0') in 0.055349 seconds 
========================================================================
Received Import Request.
  Time since last request: 632.250016 seconds.
  path: Assets/Prefabs/c7b176d0c4da41e5996cabbe7d7826bd.fbx
  artifactKey: Guid(1668390413c59a745b692349296a24d5) Importer(815301076,1909f56bfc062723c751e8b465ee728b)
Start importing Assets/Prefabs/c7b176d0c4da41e5996cabbe7d7826bd.fbx using Guid(1668390413c59a745b692349296a24d5) Importer(815301076,1909f56bfc062723c751e8b465ee728b)  -> (artifact id: 'fcb9afd88e931a98c1615811eb2d241d') in 0.097065 seconds 
========================================================================
Received Import Request.
  Time since last request: 19.839129 seconds.
  path: Assets/c7b176d0c4da41e5996cabbe7d7826bd.fbx
  artifactKey: Guid(14ade638c7e479d4797d932bca80bf91) Importer(815301076,1909f56bfc062723c751e8b465ee728b)
Start importing Assets/c7b176d0c4da41e5996cabbe7d7826bd.fbx using Guid(14ade638c7e479d4797d932bca80bf91) Importer(815301076,1909f56bfc062723c751e8b465ee728b)  -> (artifact id: '867b8d9b24ad895a3b274604e154411e') in 0.005940 seconds 
========================================================================
Received Import Request.
  Time since last request: 38.984324 seconds.
  path: Assets/c7b176d0c4da41e5996cabbe7d7826bd.blend1
  artifactKey: Guid(e0d8695191f550841b28264ecc0fd074) Importer(815301076,1909f56bfc062723c751e8b465ee728b)
Start importing Assets/c7b176d0c4da41e5996cabbe7d7826bd.blend1 using Guid(e0d8695191f550841b28264ecc0fd074) Importer(815301076,1909f56bfc062723c751e8b465ee728b)  -> (artifact id: '2349d30ed5f5280fb328d1dab09dab5d') in 0.005254 seconds 
========================================================================
Received Import Request.
  Time since last request: 84.602010 seconds.
  path: Assets/hedgehog.fbx
  artifactKey: Guid(bcc446b966c4fe045b5c61ae7bd1d153) Importer(815301076,1909f56bfc062723c751e8b465ee728b)
Start importing Assets/hedgehog.fbx using Guid(bcc446b966c4fe045b5c61ae7bd1d153) Importer(815301076,1909f56bfc062723c751e8b465ee728b)  -> (artifact id: '5c32e51886bbb1786a5f68f35fe081b3') in 0.019107 seconds 
========================================================================
Received Import Request.
  Time since last request: 53.328006 seconds.
  path: Assets/hedgehog.obj
  artifactKey: Guid(f91142d69f230fb4d967ab463d9206ed) Importer(815301076,1909f56bfc062723c751e8b465ee728b)
Start importing Assets/hedgehog.obj using Guid(f91142d69f230fb4d967ab463d9206ed) Importer(815301076,1909f56bfc062723c751e8b465ee728b)  -> (artifact id: '313be2ad9d42d2c5476acd64cae5ad38') in 0.204986 seconds 
========================================================================
Received Import Request.
  Time since last request: 22.730131 seconds.
  path: Assets/Prefabs/internal_ground_ao_texture.jpeg
  artifactKey: Guid(b91f4da0db57fc04b813b3ab954325ca) Importer(815301076,1909f56bfc062723c751e8b465ee728b)
Start importing Assets/Prefabs/internal_ground_ao_texture.jpeg using Guid(b91f4da0db57fc04b813b3ab954325ca) Importer(815301076,1909f56bfc062723c751e8b465ee728b)  -> (artifact id: 'f5d4cdf126cb65761c49dd961bbceaf2') in 0.288373 seconds 
========================================================================
Received Import Request.
  Time since last request: 138.253570 seconds.
  path: Assets/hedgehog.obj
  artifactKey: Guid(2241458d6865ad44c9a0844d7fef1d9f) Importer(815301076,1909f56bfc062723c751e8b465ee728b)
Start importing Assets/hedgehog.obj using Guid(2241458d6865ad44c9a0844d7fef1d9f) Importer(815301076,1909f56bfc062723c751e8b465ee728b)  -> (artifact id: '81d6752f10acab87525d1662063839b4') in 0.040590 seconds 
========================================================================
Received Import Request.
  Time since last request: 401.468990 seconds.
  path: Assets/Prefabs/Enemy.prefab
  artifactKey: Guid(bd08eab9efda25f4e8c4abf7a225258e) Importer(815301076,1909f56bfc062723c751e8b465ee728b)
Start importing Assets/Prefabs/Enemy.prefab using Guid(bd08eab9efda25f4e8c4abf7a225258e) Importer(815301076,1909f56bfc062723c751e8b465ee728b)  -> (artifact id: '62827b1e1a722c3aa3f16d7abc84bf24') in 0.056438 seconds 
========================================================================
Received Import Request.
  Time since last request: 11.743077 seconds.
  path: Assets/Prefabs/Enemy.prefab
  artifactKey: Guid(bd08eab9efda25f4e8c4abf7a225258e) Importer(815301076,1909f56bfc062723c751e8b465ee728b)
Start importing Assets/Prefabs/Enemy.prefab using Guid(bd08eab9efda25f4e8c4abf7a225258e) Importer(815301076,1909f56bfc062723c751e8b465ee728b)  -> (artifact id: '471a70a18aa74e0e55d1878d5fc63ef3') in 0.020449 seconds 
========================================================================
Received Import Request.
  Time since last request: 9.467881 seconds.
  path: Assets/Prefabs/Enemy.prefab
  artifactKey: Guid(bd08eab9efda25f4e8c4abf7a225258e) Importer(815301076,1909f56bfc062723c751e8b465ee728b)
Start importing Assets/Prefabs/Enemy.prefab using Guid(bd08eab9efda25f4e8c4abf7a225258e) Importer(815301076,1909f56bfc062723c751e8b465ee728b)  -> (artifact id: 'd5e7c38b4b4ed83cb530e1a643342615') in 0.016962 seconds 
========================================================================
Received Import Request.
  Time since last request: 15.313178 seconds.
  path: Assets/Prefabs/Enemy.prefab
  artifactKey: Guid(bd08eab9efda25f4e8c4abf7a225258e) Importer(815301076,1909f56bfc062723c751e8b465ee728b)
Start importing Assets/Prefabs/Enemy.prefab using Guid(bd08eab9efda25f4e8c4abf7a225258e) Importer(815301076,1909f56bfc062723c751e8b465ee728b)  -> (artifact id: '2a06c52a0141412381f76c507473c144') in 0.014562 seconds 
========================================================================
Received Import Request.
  Time since last request: 28.683606 seconds.
  path: Assets/Prefabs/Enemy.prefab
  artifactKey: Guid(bd08eab9efda25f4e8c4abf7a225258e) Importer(815301076,1909f56bfc062723c751e8b465ee728b)
Start importing Assets/Prefabs/Enemy.prefab using Guid(bd08eab9efda25f4e8c4abf7a225258e) Importer(815301076,1909f56bfc062723c751e8b465ee728b)  -> (artifact id: '39c5258117b4df576e8f83d8c6d326c3') in 0.030241 seconds 
========================================================================
Received Import Request.
  Time since last request: 48.810917 seconds.
  path: Assets/Prefabs/Enemy.prefab
  artifactKey: Guid(bd08eab9efda25f4e8c4abf7a225258e) Importer(815301076,1909f56bfc062723c751e8b465ee728b)
Start importing Assets/Prefabs/Enemy.prefab using Guid(bd08eab9efda25f4e8c4abf7a225258e) Importer(815301076,1909f56bfc062723c751e8b465ee728b)  -> (artifact id: '43d686a69f68bb2768554e11c7488d7e') in 0.028119 seconds 
========================================================================
Received Import Request.
  Time since last request: 56.203464 seconds.
  path: Assets/Prefabs/Enemy.prefab
  artifactKey: Guid(bd08eab9efda25f4e8c4abf7a225258e) Importer(815301076,1909f56bfc062723c751e8b465ee728b)
Start importing Assets/Prefabs/Enemy.prefab using Guid(bd08eab9efda25f4e8c4abf7a225258e) Importer(815301076,1909f56bfc062723c751e8b465ee728b)  -> (artifact id: '77c1ccdbbb36defa5e072fff3ab22f03') in 0.012166 seconds 
========================================================================
Received Prepare
Registering precompiled user dll's ...
Registered in 0.006858 seconds.
Begin MonoManager ReloadAssembly
Symbol file LoadedFromMemory doesn't match image X:\gitnew\TowerDefenceNew\Library\PackageCache\com.unity.visualscripting@1.7.6\Editor\VisualScripting.Core\Dependencies\YamlDotNet\Unity.VisualScripting.YamlDotNet.dll
Symbol file LoadedFromMemory is not a mono symbol file
Symbol file LoadedFromMemory doesn't match image X:\gitnew\TowerDefenceNew\Library\PackageCache\com.unity.visualscripting@1.7.6\Editor\VisualScripting.Core\Dependencies\DotNetZip\Unity.VisualScripting.IonicZip.dll
Native extension for WindowsStandalone target not found
Refreshing native plugins compatible for Editor in 0.68 ms, found 3 plugins.
Preloading 0 native plugins for Editor in 0.00 ms.
Mono: successfully reloaded assembly
- Completed reload, in  1.439 seconds
Domain Reload Profiling:
	ReloadAssembly (1440ms)
		BeginReloadAssembly (189ms)
			ExecutionOrderSort (0ms)
			DisableScriptedObjects (7ms)
			BackupInstance (0ms)
			ReleaseScriptingObjects (0ms)
			CreateAndSetChildDomain (46ms)
		EndReloadAssembly (1113ms)
			LoadAssemblies (144ms)
			RebuildTransferFunctionScriptingTraits (0ms)
			SetupTypeCache (421ms)
			ReleaseScriptCaches (2ms)
			RebuildScriptCaches (62ms)
			SetupLoadedEditorAssemblies (428ms)
				LogAssemblyErrors (0ms)
				InitializePlatformSupportModulesInManaged (18ms)
				SetLoadedEditorAssemblies (1ms)
				RefreshPlugins (1ms)
				BeforeProcessingInitializeOnLoad (89ms)
				ProcessInitializeOnLoadAttributes (279ms)
				ProcessInitializeOnLoadMethodAttributes (33ms)
				AfterProcessingInitializeOnLoad (6ms)
				EditorAssembliesLoaded (0ms)
			ExecutionOrderSort2 (0ms)
			AwakeInstancesAfterBackupRestoration (11ms)
Platform modules already initialized, skipping
Refreshing native plugins compatible for Editor in 2.15 ms, found 3 plugins.
Preloading 0 native plugins for Editor in 0.00 ms.
Unloading 3226 Unused Serialized files (Serialized files now loaded: 0)
Unloading 16 unused Assets / (78.9 KB). Loaded Objects now: 3779.
Memory consumption went from 117.2 MB to 117.2 MB.
Total: 34.606500 ms (FindLiveObjects: 0.380900 ms CreateObjectMapping: 0.143000 ms MarkObjects: 33.981400 ms  DeleteObjects: 0.099700 ms)

AssetImportParameters requested are different than current active one (requested -> active):
  custom:video-decoder-ogg-theora: a1e56fd34408186e4bbccfd4996cb3dc -> 
  custom:container-muxer-webm: aa71ff27fc2769a1b78a27578f13a17b -> 
  custom:container-demuxer-webm: 4f35f7cbe854078d1ac9338744f61a02 -> 
  custom:video-encoder-webm-vp8: eb34c28f22e8b96e1ab97ce403110664 -> 
  custom:audio-encoder-webm-vorbis: bf7c407c2cedff20999df2af8eb42d56 -> 
  custom:framework-win-MediaFoundation: 216162199b28c13a410421893ffa2e32 -> 
  custom:container-demuxer-ogg: 62fdf1f143b41e24485cea50d1cbac27 -> 
  custom:video-decoder-webm-vp8: 9c59270c3fd7afecdb556c50c9e8de78 -> 
  custom:audio-decoder-ogg-vorbis: bf7c407c2cedff20999df2af8eb42d56 -> 
========================================================================
Received Import Request.
  Time since last request: 71.877974 seconds.
  path: Assets/Prefabs/Enemy.prefab
  artifactKey: Guid(bd08eab9efda25f4e8c4abf7a225258e) Importer(815301076,1909f56bfc062723c751e8b465ee728b)
Start importing Assets/Prefabs/Enemy.prefab using Guid(bd08eab9efda25f4e8c4abf7a225258e) Importer(815301076,1909f56bfc062723c751e8b465ee728b)  -> (artifact id: '5b12db1d8fa1e9b4144f939108134e63') in 0.113348 seconds 
========================================================================
Received Import Request.
  Time since last request: 0.695503 seconds.
  path: Assets/Prefabs/Enemy.prefab
  artifactKey: Guid(bd08eab9efda25f4e8c4abf7a225258e) Importer(815301076,1909f56bfc062723c751e8b465ee728b)
Start importing Assets/Prefabs/Enemy.prefab using Guid(bd08eab9efda25f4e8c4abf7a225258e) Importer(815301076,1909f56bfc062723c751e8b465ee728b)  -> (artifact id: '5a1becaaf668b73c0d67148c76316445') in 0.018229 seconds 
========================================================================
Received Import Request.
  Time since last request: 3.041738 seconds.
  path: Assets/Prefabs/Enemy.prefab
  artifactKey: Guid(bd08eab9efda25f4e8c4abf7a225258e) Importer(815301076,1909f56bfc062723c751e8b465ee728b)
Start importing Assets/Prefabs/Enemy.prefab using Guid(bd08eab9efda25f4e8c4abf7a225258e) Importer(815301076,1909f56bfc062723c751e8b465ee728b)  -> (artifact id: '51e0566f5c40ef936f7ee5415ff1f68f') in 0.012722 seconds 
========================================================================
Received Import Request.
  Time since last request: 8.474639 seconds.
  path: Assets/Prefabs/Enemy.prefab
  artifactKey: Guid(bd08eab9efda25f4e8c4abf7a225258e) Importer(815301076,1909f56bfc062723c751e8b465ee728b)
Start importing Assets/Prefabs/Enemy.prefab using Guid(bd08eab9efda25f4e8c4abf7a225258e) Importer(815301076,1909f56bfc062723c751e8b465ee728b)  -> (artifact id: '8b3ab7c68d528eb429b01012753646c2') in 0.019221 seconds 
========================================================================
Received Import Request.
  Time since last request: 10.268738 seconds.
  path: Assets/Prefabs/Enemy.prefab
  artifactKey: Guid(bd08eab9efda25f4e8c4abf7a225258e) Importer(815301076,1909f56bfc062723c751e8b465ee728b)
Start importing Assets/Prefabs/Enemy.prefab using Guid(bd08eab9efda25f4e8c4abf7a225258e) Importer(815301076,1909f56bfc062723c751e8b465ee728b)  -> (artifact id: '4b90fa7968275164e3b98fbb50d0319a') in 0.013686 seconds 
========================================================================
Received Import Request.
  Time since last request: 7.434425 seconds.
  path: Assets/Prefabs/Enemy.prefab
  artifactKey: Guid(bd08eab9efda25f4e8c4abf7a225258e) Importer(815301076,1909f56bfc062723c751e8b465ee728b)
Start importing Assets/Prefabs/Enemy.prefab using Guid(bd08eab9efda25f4e8c4abf7a225258e) Importer(815301076,1909f56bfc062723c751e8b465ee728b)  -> (artifact id: '8fb4c695b63f67d80dc1ad833b7741b3') in 0.031126 seconds 
========================================================================
Received Import Request.
  Time since last request: 1.576906 seconds.
  path: Assets/Prefabs/Enemy.prefab
  artifactKey: Guid(bd08eab9efda25f4e8c4abf7a225258e) Importer(815301076,1909f56bfc062723c751e8b465ee728b)
Start importing Assets/Prefabs/Enemy.prefab using Guid(bd08eab9efda25f4e8c4abf7a225258e) Importer(815301076,1909f56bfc062723c751e8b465ee728b)  -> (artifact id: '290e60cc175985375273e5aaddeb6b18') in 0.013389 seconds 
========================================================================
Received Import Request.
  Time since last request: 7.894864 seconds.
  path: Assets/Prefabs/Enemy.prefab
  artifactKey: Guid(bd08eab9efda25f4e8c4abf7a225258e) Importer(815301076,1909f56bfc062723c751e8b465ee728b)
Start importing Assets/Prefabs/Enemy.prefab using Guid(bd08eab9efda25f4e8c4abf7a225258e) Importer(815301076,1909f56bfc062723c751e8b465ee728b)  -> (artifact id: '13b6033e192ad5576faeaa75e681eb04') in 0.012513 seconds 
========================================================================
Received Import Request.
  Time since last request: 0.333188 seconds.
  path: Assets/Prefabs/Enemy.prefab
  artifactKey: Guid(bd08eab9efda25f4e8c4abf7a225258e) Importer(815301076,1909f56bfc062723c751e8b465ee728b)
Start importing Assets/Prefabs/Enemy.prefab using Guid(bd08eab9efda25f4e8c4abf7a225258e) Importer(815301076,1909f56bfc062723c751e8b465ee728b)  -> (artifact id: 'caef7f0dc6f1ce15453a17fcb045da07') in 0.012533 seconds 
========================================================================
Received Import Request.
  Time since last request: 32.596539 seconds.
  path: Assets/Prefabs/Enemy.prefab
  artifactKey: Guid(bd08eab9efda25f4e8c4abf7a225258e) Importer(815301076,1909f56bfc062723c751e8b465ee728b)
Start importing Assets/Prefabs/Enemy.prefab using Guid(bd08eab9efda25f4e8c4abf7a225258e) Importer(815301076,1909f56bfc062723c751e8b465ee728b)  -> (artifact id: '622ae1a60d2e1be71914ce517ab014dc') in 0.019509 seconds 
========================================================================
Received Import Request.
  Time since last request: 2.193013 seconds.
  path: Assets/Prefabs/Enemy.prefab
  artifactKey: Guid(bd08eab9efda25f4e8c4abf7a225258e) Importer(815301076,1909f56bfc062723c751e8b465ee728b)
Start importing Assets/Prefabs/Enemy.prefab using Guid(bd08eab9efda25f4e8c4abf7a225258e) Importer(815301076,1909f56bfc062723c751e8b465ee728b)  -> (artifact id: '2e1bfe47e94cb27c085e3b391491805b') in 0.029279 seconds 
========================================================================
Received Import Request.
  Time since last request: 2.184980 seconds.
  path: Assets/Prefabs/Enemy.prefab
  artifactKey: Guid(bd08eab9efda25f4e8c4abf7a225258e) Importer(815301076,1909f56bfc062723c751e8b465ee728b)
Start importing Assets/Prefabs/Enemy.prefab using Guid(bd08eab9efda25f4e8c4abf7a225258e) Importer(815301076,1909f56bfc062723c751e8b465ee728b)  -> (artifact id: 'fc7096b2341e95275312bb571a151f84') in 0.016969 seconds 
========================================================================
Received Import Request.
  Time since last request: 1.738226 seconds.
  path: Assets/Prefabs/Enemy.prefab
  artifactKey: Guid(bd08eab9efda25f4e8c4abf7a225258e) Importer(815301076,1909f56bfc062723c751e8b465ee728b)
Start importing Assets/Prefabs/Enemy.prefab using Guid(bd08eab9efda25f4e8c4abf7a225258e) Importer(815301076,1909f56bfc062723c751e8b465ee728b)  -> (artifact id: 'a38c3d5faecac5671559b0ff189341fe') in 0.012763 seconds 
========================================================================
Received Import Request.
  Time since last request: 1.366048 seconds.
  path: Assets/Prefabs/Enemy.prefab
  artifactKey: Guid(bd08eab9efda25f4e8c4abf7a225258e) Importer(815301076,1909f56bfc062723c751e8b465ee728b)
Start importing Assets/Prefabs/Enemy.prefab using Guid(bd08eab9efda25f4e8c4abf7a225258e) Importer(815301076,1909f56bfc062723c751e8b465ee728b)  -> (artifact id: 'c7796f1b7919bbc04fa564edeedb7039') in 0.018156 seconds 
========================================================================
Received Import Request.
  Time since last request: 10.087683 seconds.
  path: Assets/Prefabs/Enemy.prefab
  artifactKey: Guid(bd08eab9efda25f4e8c4abf7a225258e) Importer(815301076,1909f56bfc062723c751e8b465ee728b)
Start importing Assets/Prefabs/Enemy.prefab using Guid(bd08eab9efda25f4e8c4abf7a225258e) Importer(815301076,1909f56bfc062723c751e8b465ee728b)  -> (artifact id: 'ea7c1bdf2d0514bb9ffa8098f950775a') in 0.018989 seconds 
========================================================================
Received Import Request.
  Time since last request: 7.432793 seconds.
  path: Assets/Prefabs/Enemy.prefab
  artifactKey: Guid(bd08eab9efda25f4e8c4abf7a225258e) Importer(815301076,1909f56bfc062723c751e8b465ee728b)
Start importing Assets/Prefabs/Enemy.prefab using Guid(bd08eab9efda25f4e8c4abf7a225258e) Importer(815301076,1909f56bfc062723c751e8b465ee728b)  -> (artifact id: '635e7eccc45e6c838286d0b2d21e81d6') in 0.017025 seconds 
========================================================================
Received Import Request.
  Time since last request: 1.570471 seconds.
  path: Assets/Prefabs/Enemy.prefab
  artifactKey: Guid(bd08eab9efda25f4e8c4abf7a225258e) Importer(815301076,1909f56bfc062723c751e8b465ee728b)
Start importing Assets/Prefabs/Enemy.prefab using Guid(bd08eab9efda25f4e8c4abf7a225258e) Importer(815301076,1909f56bfc062723c751e8b465ee728b)  -> (artifact id: 'bd4402b946dd3bfd344d78c14488dac3') in 0.020728 seconds 
========================================================================
Received Import Request.
  Time since last request: 12.150322 seconds.
  path: Assets/Prefabs/Enemy.prefab
  artifactKey: Guid(bd08eab9efda25f4e8c4abf7a225258e) Importer(815301076,1909f56bfc062723c751e8b465ee728b)
Start importing Assets/Prefabs/Enemy.prefab using Guid(bd08eab9efda25f4e8c4abf7a225258e) Importer(815301076,1909f56bfc062723c751e8b465ee728b)  -> (artifact id: '26b29f14e00dc08ef37f78b6cbd80012') in 0.012913 seconds 
========================================================================
Received Import Request.
  Time since last request: 5.183022 seconds.
  path: Assets/Prefabs/Enemy.prefab
  artifactKey: Guid(bd08eab9efda25f4e8c4abf7a225258e) Importer(815301076,1909f56bfc062723c751e8b465ee728b)
Start importing Assets/Prefabs/Enemy.prefab using Guid(bd08eab9efda25f4e8c4abf7a225258e) Importer(815301076,1909f56bfc062723c751e8b465ee728b)  -> (artifact id: '686e796ee59dbec986f6c97aa6927f66') in 0.019732 seconds 
========================================================================
Received Import Request.
  Time since last request: 56.889033 seconds.
  path: Assets/Prefabs/Enemy.prefab
  artifactKey: Guid(bd08eab9efda25f4e8c4abf7a225258e) Importer(815301076,1909f56bfc062723c751e8b465ee728b)
Start importing Assets/Prefabs/Enemy.prefab using Guid(bd08eab9efda25f4e8c4abf7a225258e) Importer(815301076,1909f56bfc062723c751e8b465ee728b)  -> (artifact id: '77c387cd32b3513350106338b46f7790') in 0.017645 seconds 
========================================================================
Received Import Request.
  Time since last request: 2.738762 seconds.
  path: Assets/Prefabs/Enemy.prefab
  artifactKey: Guid(bd08eab9efda25f4e8c4abf7a225258e) Importer(815301076,1909f56bfc062723c751e8b465ee728b)
Start importing Assets/Prefabs/Enemy.prefab using Guid(bd08eab9efda25f4e8c4abf7a225258e) Importer(815301076,1909f56bfc062723c751e8b465ee728b)  -> (artifact id: 'f72d1afd56408f2c6134d0cd7f7d2e36') in 0.012675 seconds 
========================================================================
Received Import Request.
  Time since last request: 12.114355 seconds.
  path: Assets/Prefabs/Enemy.prefab
  artifactKey: Guid(bd08eab9efda25f4e8c4abf7a225258e) Importer(815301076,1909f56bfc062723c751e8b465ee728b)
Start importing Assets/Prefabs/Enemy.prefab using Guid(bd08eab9efda25f4e8c4abf7a225258e) Importer(815301076,1909f56bfc062723c751e8b465ee728b)  -> (artifact id: '5fef70282326abf112f5cc7d6cf0eae6') in 0.012618 seconds 
========================================================================
Received Import Request.
  Time since last request: 5.035931 seconds.
  path: Assets/Prefabs/Enemy.prefab
  artifactKey: Guid(bd08eab9efda25f4e8c4abf7a225258e) Importer(815301076,1909f56bfc062723c751e8b465ee728b)
Start importing Assets/Prefabs/Enemy.prefab using Guid(bd08eab9efda25f4e8c4abf7a225258e) Importer(815301076,1909f56bfc062723c751e8b465ee728b)  -> (artifact id: '2ceae554b834efdd171626f4d3f8cfdb') in 0.018660 seconds 
========================================================================
Received Import Request.
  Time since last request: 1.528421 seconds.
  path: Assets/Prefabs/Enemy.prefab
  artifactKey: Guid(bd08eab9efda25f4e8c4abf7a225258e) Importer(815301076,1909f56bfc062723c751e8b465ee728b)
Start importing Assets/Prefabs/Enemy.prefab using Guid(bd08eab9efda25f4e8c4abf7a225258e) Importer(815301076,1909f56bfc062723c751e8b465ee728b)  -> (artifact id: '2849ecee73d3c48ad9e513e2e99368c6') in 0.012943 seconds 
========================================================================
Received Import Request.
  Time since last request: 5.055873 seconds.
  path: Assets/Prefabs/Enemy.prefab
  artifactKey: Guid(bd08eab9efda25f4e8c4abf7a225258e) Importer(815301076,1909f56bfc062723c751e8b465ee728b)
Start importing Assets/Prefabs/Enemy.prefab using Guid(bd08eab9efda25f4e8c4abf7a225258e) Importer(815301076,1909f56bfc062723c751e8b465ee728b)  -> (artifact id: '7cac026cf75fbe38c2fb69a6430c0054') in 0.018757 seconds 
========================================================================
Received Import Request.
  Time since last request: 3.979950 seconds.
  path: Assets/Prefabs/Enemy.prefab
  artifactKey: Guid(bd08eab9efda25f4e8c4abf7a225258e) Importer(815301076,1909f56bfc062723c751e8b465ee728b)
Start importing Assets/Prefabs/Enemy.prefab using Guid(bd08eab9efda25f4e8c4abf7a225258e) Importer(815301076,1909f56bfc062723c751e8b465ee728b)  -> (artifact id: 'fb8230802a82991d48b888e68a843b2b') in 0.020175 seconds 
========================================================================
Received Import Request.
  Time since last request: 2.373732 seconds.
  path: Assets/Prefabs/Enemy.prefab
  artifactKey: Guid(bd08eab9efda25f4e8c4abf7a225258e) Importer(815301076,1909f56bfc062723c751e8b465ee728b)
Start importing Assets/Prefabs/Enemy.prefab using Guid(bd08eab9efda25f4e8c4abf7a225258e) Importer(815301076,1909f56bfc062723c751e8b465ee728b)  -> (artifact id: 'e317a5fabdb83e3ace5218d447ac63ac') in 0.012861 seconds 
========================================================================
Received Prepare
Registering precompiled user dll's ...
Registered in 0.006965 seconds.
Begin MonoManager ReloadAssembly
Symbol file LoadedFromMemory doesn't match image X:\gitnew\TowerDefenceNew\Library\PackageCache\com.unity.visualscripting@1.7.6\Editor\VisualScripting.Core\Dependencies\YamlDotNet\Unity.VisualScripting.YamlDotNet.dll
Symbol file LoadedFromMemory is not a mono symbol file
Symbol file LoadedFromMemory doesn't match image X:\gitnew\TowerDefenceNew\Library\PackageCache\com.unity.visualscripting@1.7.6\Editor\VisualScripting.Core\Dependencies\DotNetZip\Unity.VisualScripting.IonicZip.dll
Native extension for WindowsStandalone target not found
Refreshing native plugins compatible for Editor in 0.78 ms, found 3 plugins.
Preloading 0 native plugins for Editor in 0.00 ms.
Mono: successfully reloaded assembly
- Completed reload, in  1.520 seconds
Domain Reload Profiling:
	ReloadAssembly (1521ms)
		BeginReloadAssembly (193ms)
			ExecutionOrderSort (0ms)
			DisableScriptedObjects (7ms)
			BackupInstance (0ms)
			ReleaseScriptingObjects (0ms)
			CreateAndSetChildDomain (46ms)
		EndReloadAssembly (1191ms)
			LoadAssemblies (145ms)
			RebuildTransferFunctionScriptingTraits (0ms)
			SetupTypeCache (419ms)
			ReleaseScriptCaches (2ms)
			RebuildScriptCaches (70ms)
			SetupLoadedEditorAssemblies (494ms)
				LogAssemblyErrors (0ms)
				InitializePlatformSupportModulesInManaged (20ms)
				SetLoadedEditorAssemblies (1ms)
				RefreshPlugins (1ms)
				BeforeProcessingInitializeOnLoad (95ms)
				ProcessInitializeOnLoadAttributes (333ms)
				ProcessInitializeOnLoadMethodAttributes (37ms)
				AfterProcessingInitializeOnLoad (7ms)
				EditorAssembliesLoaded (0ms)
			ExecutionOrderSort2 (0ms)
			AwakeInstancesAfterBackupRestoration (10ms)
Platform modules already initialized, skipping
Refreshing native plugins compatible for Editor in 1.97 ms, found 3 plugins.
Preloading 0 native plugins for Editor in 0.00 ms.
Unloading 3226 Unused Serialized files (Serialized files now loaded: 0)
Unloading 16 unused Assets / (78.9 KB). Loaded Objects now: 3782.
Memory consumption went from 117.3 MB to 117.2 MB.
Total: 3.745100 ms (FindLiveObjects: 0.330600 ms CreateObjectMapping: 0.151300 ms MarkObjects: 3.159700 ms  DeleteObjects: 0.102000 ms)

AssetImportParameters requested are different than current active one (requested -> active):
  custom:video-decoder-ogg-theora: a1e56fd34408186e4bbccfd4996cb3dc -> 
  custom:container-muxer-webm: aa71ff27fc2769a1b78a27578f13a17b -> 
  custom:container-demuxer-webm: 4f35f7cbe854078d1ac9338744f61a02 -> 
  custom:video-encoder-webm-vp8: eb34c28f22e8b96e1ab97ce403110664 -> 
  custom:audio-encoder-webm-vorbis: bf7c407c2cedff20999df2af8eb42d56 -> 
  custom:framework-win-MediaFoundation: 216162199b28c13a410421893ffa2e32 -> 
  custom:container-demuxer-ogg: 62fdf1f143b41e24485cea50d1cbac27 -> 
  custom:video-decoder-webm-vp8: 9c59270c3fd7afecdb556c50c9e8de78 -> 
  custom:audio-decoder-ogg-vorbis: bf7c407c2cedff20999df2af8eb42d56 -> 
========================================================================
Received Prepare
Registering precompiled user dll's ...
Registered in 0.006903 seconds.
Begin MonoManager ReloadAssembly
Symbol file LoadedFromMemory doesn't match image X:\gitnew\TowerDefenceNew\Library\PackageCache\com.unity.visualscripting@1.7.6\Editor\VisualScripting.Core\Dependencies\YamlDotNet\Unity.VisualScripting.YamlDotNet.dll
Symbol file LoadedFromMemory is not a mono symbol file
Symbol file LoadedFromMemory doesn't match image X:\gitnew\TowerDefenceNew\Library\PackageCache\com.unity.visualscripting@1.7.6\Editor\VisualScripting.Core\Dependencies\DotNetZip\Unity.VisualScripting.IonicZip.dll
Native extension for WindowsStandalone target not found
Refreshing native plugins compatible for Editor in 0.81 ms, found 3 plugins.
Preloading 0 native plugins for Editor in 0.00 ms.
Mono: successfully reloaded assembly
- Completed reload, in  1.478 seconds
Domain Reload Profiling:
	ReloadAssembly (1479ms)
		BeginReloadAssembly (199ms)
			ExecutionOrderSort (0ms)
			DisableScriptedObjects (9ms)
			BackupInstance (0ms)
			ReleaseScriptingObjects (0ms)
			CreateAndSetChildDomain (52ms)
		EndReloadAssembly (1129ms)
			LoadAssemblies (139ms)
			RebuildTransferFunctionScriptingTraits (0ms)
			SetupTypeCache (381ms)
			ReleaseScriptCaches (2ms)
			RebuildScriptCaches (68ms)
			SetupLoadedEditorAssemblies (482ms)
				LogAssemblyErrors (0ms)
				InitializePlatformSupportModulesInManaged (20ms)
				SetLoadedEditorAssemblies (1ms)
				RefreshPlugins (1ms)
				BeforeProcessingInitializeOnLoad (100ms)
				ProcessInitializeOnLoadAttributes (309ms)
				ProcessInitializeOnLoadMethodAttributes (43ms)
				AfterProcessingInitializeOnLoad (8ms)
				EditorAssembliesLoaded (0ms)
			ExecutionOrderSort2 (0ms)
			AwakeInstancesAfterBackupRestoration (11ms)
Platform modules already initialized, skipping
Refreshing native plugins compatible for Editor in 2.06 ms, found 3 plugins.
Preloading 0 native plugins for Editor in 0.00 ms.
Unloading 3226 Unused Serialized files (Serialized files now loaded: 0)
Unloading 16 unused Assets / (79.0 KB). Loaded Objects now: 3785.
Memory consumption went from 117.3 MB to 117.2 MB.
Total: 4.543900 ms (FindLiveObjects: 0.370200 ms CreateObjectMapping: 0.169100 ms MarkObjects: 3.851400 ms  DeleteObjects: 0.151300 ms)

AssetImportParameters requested are different than current active one (requested -> active):
  custom:video-decoder-ogg-theora: a1e56fd34408186e4bbccfd4996cb3dc -> 
  custom:container-muxer-webm: aa71ff27fc2769a1b78a27578f13a17b -> 
  custom:container-demuxer-webm: 4f35f7cbe854078d1ac9338744f61a02 -> 
  custom:video-encoder-webm-vp8: eb34c28f22e8b96e1ab97ce403110664 -> 
  custom:audio-encoder-webm-vorbis: bf7c407c2cedff20999df2af8eb42d56 -> 
  custom:framework-win-MediaFoundation: 216162199b28c13a410421893ffa2e32 -> 
  custom:container-demuxer-ogg: 62fdf1f143b41e24485cea50d1cbac27 -> 
  custom:video-decoder-webm-vp8: 9c59270c3fd7afecdb556c50c9e8de78 -> 
  custom:audio-decoder-ogg-vorbis: bf7c407c2cedff20999df2af8eb42d56 -> 
